
2019-05-16 11:38:06
[ERROR]-[Thread: XNIO-1 task-1]-[com.jfinal.core.ActionHandler.handle()]: /wechat/info?studentId=undefined
com.jfinal.plugin.activerecord.ActiveRecordException: com.mysql.jdbc.exceptions.jdbc4.MySQLSyntaxErrorException: Unknown column 'undefined' in 'where clause'
	at com.jfinal.plugin.activerecord.Model.find(Model.java:690)
	at com.jfinal.plugin.activerecord.Model.find(Model.java:703)
	at com.jfinal.plugin.activerecord.Model.findFirst(Model.java:726)
	at com.jfinal.plugin.activerecord.Model.findFirst(Model.java:735)
	at com.demo.common.model.Student.findInfo(Student.java:22)
	at com.demo.admin.WechatController.info(WechatController.java:22)
	at sun.reflect.NativeMethodAccessorImpl.invoke0(Native Method)
	at sun.reflect.NativeMethodAccessorImpl.invoke(Unknown Source)
	at sun.reflect.DelegatingMethodAccessorImpl.invoke(Unknown Source)
	at java.lang.reflect.Method.invoke(Unknown Source)
	at com.jfinal.aop.Invocation.invoke(Invocation.java:75)
	at com.demo.common.GlobalActionInterceptor.intercept(GlobalActionInterceptor.java:22)
	at com.jfinal.aop.Invocation.invoke(Invocation.java:69)
	at com.jfinal.core.ActionHandler.handle(ActionHandler.java:81)
	at com.jfinal.core.JFinalFilter.doFilter(JFinalFilter.java:89)
	at io.undertow.servlet.core.ManagedFilter.doFilter(ManagedFilter.java:61)
	at io.undertow.servlet.handlers.FilterHandler$FilterChainImpl.doFilter(FilterHandler.java:131)
	at io.undertow.servlet.handlers.FilterHandler.handleRequest(FilterHandler.java:84)
	at io.undertow.servlet.handlers.security.ServletSecurityRoleHandler.handleRequest(ServletSecurityRoleHandler.java:62)
	at io.undertow.servlet.handlers.ServletChain$1.handleRequest(ServletChain.java:68)
	at io.undertow.servlet.handlers.ServletDispatchingHandler.handleRequest(ServletDispatchingHandler.java:36)
	at io.undertow.servlet.handlers.security.SSLInformationAssociationHandler.handleRequest(SSLInformationAssociationHandler.java:132)
	at io.undertow.servlet.handlers.security.ServletAuthenticationCallHandler.handleRequest(ServletAuthenticationCallHandler.java:57)
	at io.undertow.server.handlers.PredicateHandler.handleRequest(PredicateHandler.java:43)
	at io.undertow.security.handlers.AbstractConfidentialityHandler.handleRequest(AbstractConfidentialityHandler.java:46)
	at io.undertow.servlet.handlers.security.ServletConfidentialityConstraintHandler.handleRequest(ServletConfidentialityConstraintHandler.java:64)
	at io.undertow.security.handlers.AuthenticationMechanismsHandler.handleRequest(AuthenticationMechanismsHandler.java:60)
	at io.undertow.servlet.handlers.security.CachedAuthenticatedSessionHandler.handleRequest(CachedAuthenticatedSessionHandler.java:77)
	at io.undertow.security.handlers.AbstractSecurityContextAssociationHandler.handleRequest(AbstractSecurityContextAssociationHandler.java:43)
	at io.undertow.server.handlers.PredicateHandler.handleRequest(PredicateHandler.java:43)
	at io.undertow.server.handlers.PredicateHandler.handleRequest(PredicateHandler.java:43)
	at io.undertow.servlet.handlers.SessionRestoringHandler.handleRequest(SessionRestoringHandler.java:119)
	at io.undertow.servlet.handlers.ServletInitialHandler.handleFirstRequest(ServletInitialHandler.java:292)
	at io.undertow.servlet.handlers.ServletInitialHandler.access$100(ServletInitialHandler.java:81)
	at io.undertow.servlet.handlers.ServletInitialHandler$2.call(ServletInitialHandler.java:138)
	at io.undertow.servlet.handlers.ServletInitialHandler$2.call(ServletInitialHandler.java:135)
	at io.undertow.servlet.core.ServletRequestContextThreadSetupAction$1.call(ServletRequestContextThreadSetupAction.java:48)
	at io.undertow.servlet.core.ContextClassLoaderSetupAction$1.call(ContextClassLoaderSetupAction.java:43)
	at io.undertow.servlet.handlers.ServletInitialHandler.dispatchRequest(ServletInitialHandler.java:272)
	at io.undertow.servlet.handlers.ServletInitialHandler.access$000(ServletInitialHandler.java:81)
	at io.undertow.servlet.handlers.ServletInitialHandler$1.handleRequest(ServletInitialHandler.java:104)
	at io.undertow.server.Connectors.executeRootHandler(Connectors.java:364)
	at io.undertow.server.HttpServerExchange$1.run(HttpServerExchange.java:830)
	at java.util.concurrent.ThreadPoolExecutor.runWorker(Unknown Source)
	at java.util.concurrent.ThreadPoolExecutor$Worker.run(Unknown Source)
	at java.lang.Thread.run(Unknown Source)
Caused by: com.mysql.jdbc.exceptions.jdbc4.MySQLSyntaxErrorException: Unknown column 'undefined' in 'where clause'
	at sun.reflect.NativeConstructorAccessorImpl.newInstance0(Native Method)
	at sun.reflect.NativeConstructorAccessorImpl.newInstance(Unknown Source)
	at sun.reflect.DelegatingConstructorAccessorImpl.newInstance(Unknown Source)
	at java.lang.reflect.Constructor.newInstance(Unknown Source)
	at com.mysql.jdbc.Util.handleNewInstance(Util.java:425)
	at com.mysql.jdbc.Util.getInstance(Util.java:408)
	at com.mysql.jdbc.SQLError.createSQLException(SQLError.java:943)
	at com.mysql.jdbc.MysqlIO.checkErrorPacket(MysqlIO.java:3973)
	at com.mysql.jdbc.MysqlIO.checkErrorPacket(MysqlIO.java:3909)
	at com.mysql.jdbc.MysqlIO.sendCommand(MysqlIO.java:2527)
	at com.mysql.jdbc.MysqlIO.sqlQueryDirect(MysqlIO.java:2680)
	at com.mysql.jdbc.ConnectionImpl.execSQL(ConnectionImpl.java:2487)
	at com.mysql.jdbc.PreparedStatement.executeInternal(PreparedStatement.java:1858)
	at com.mysql.jdbc.PreparedStatement.executeQuery(PreparedStatement.java:1966)
	at com.alibaba.druid.pool.DruidPooledPreparedStatement.executeQuery(DruidPooledPreparedStatement.java:227)
	at com.jfinal.plugin.activerecord.Model.find(Model.java:678)
	at com.jfinal.plugin.activerecord.Model.find(Model.java:688)
	... 45 more

2019-05-16 13:18:25
[ERROR]-[Thread: XNIO-2 task-15]-[com.jfinal.core.ActionHandler.handle()]: /wechat/info?studentId=undefined
com.jfinal.plugin.activerecord.ActiveRecordException: com.mysql.jdbc.exceptions.jdbc4.MySQLSyntaxErrorException: Unknown column 'undefined' in 'where clause'
	at com.jfinal.plugin.activerecord.Model.find(Model.java:690)
	at com.jfinal.plugin.activerecord.Model.find(Model.java:703)
	at com.jfinal.plugin.activerecord.Model.findFirst(Model.java:726)
	at com.jfinal.plugin.activerecord.Model.findFirst(Model.java:735)
	at com.demo.common.model.Student.findInfo(Student.java:22)
	at com.demo.admin.WechatController.info(WechatController.java:22)
	at sun.reflect.NativeMethodAccessorImpl.invoke0(Native Method)
	at sun.reflect.NativeMethodAccessorImpl.invoke(Unknown Source)
	at sun.reflect.DelegatingMethodAccessorImpl.invoke(Unknown Source)
	at java.lang.reflect.Method.invoke(Unknown Source)
	at com.jfinal.aop.Invocation.invoke(Invocation.java:75)
	at com.demo.common.GlobalActionInterceptor.intercept(GlobalActionInterceptor.java:22)
	at com.jfinal.aop.Invocation.invoke(Invocation.java:69)
	at com.jfinal.core.ActionHandler.handle(ActionHandler.java:81)
	at com.jfinal.core.JFinalFilter.doFilter(JFinalFilter.java:89)
	at io.undertow.servlet.core.ManagedFilter.doFilter(ManagedFilter.java:61)
	at io.undertow.servlet.handlers.FilterHandler$FilterChainImpl.doFilter(FilterHandler.java:131)
	at io.undertow.servlet.handlers.FilterHandler.handleRequest(FilterHandler.java:84)
	at io.undertow.servlet.handlers.security.ServletSecurityRoleHandler.handleRequest(ServletSecurityRoleHandler.java:62)
	at io.undertow.servlet.handlers.ServletChain$1.handleRequest(ServletChain.java:68)
	at io.undertow.servlet.handlers.ServletDispatchingHandler.handleRequest(ServletDispatchingHandler.java:36)
	at io.undertow.servlet.handlers.security.SSLInformationAssociationHandler.handleRequest(SSLInformationAssociationHandler.java:132)
	at io.undertow.servlet.handlers.security.ServletAuthenticationCallHandler.handleRequest(ServletAuthenticationCallHandler.java:57)
	at io.undertow.server.handlers.PredicateHandler.handleRequest(PredicateHandler.java:43)
	at io.undertow.security.handlers.AbstractConfidentialityHandler.handleRequest(AbstractConfidentialityHandler.java:46)
	at io.undertow.servlet.handlers.security.ServletConfidentialityConstraintHandler.handleRequest(ServletConfidentialityConstraintHandler.java:64)
	at io.undertow.security.handlers.AuthenticationMechanismsHandler.handleRequest(AuthenticationMechanismsHandler.java:60)
	at io.undertow.servlet.handlers.security.CachedAuthenticatedSessionHandler.handleRequest(CachedAuthenticatedSessionHandler.java:77)
	at io.undertow.security.handlers.AbstractSecurityContextAssociationHandler.handleRequest(AbstractSecurityContextAssociationHandler.java:43)
	at io.undertow.server.handlers.PredicateHandler.handleRequest(PredicateHandler.java:43)
	at io.undertow.server.handlers.PredicateHandler.handleRequest(PredicateHandler.java:43)
	at io.undertow.servlet.handlers.SessionRestoringHandler.handleRequest(SessionRestoringHandler.java:119)
	at io.undertow.servlet.handlers.ServletInitialHandler.handleFirstRequest(ServletInitialHandler.java:292)
	at io.undertow.servlet.handlers.ServletInitialHandler.access$100(ServletInitialHandler.java:81)
	at io.undertow.servlet.handlers.ServletInitialHandler$2.call(ServletInitialHandler.java:138)
	at io.undertow.servlet.handlers.ServletInitialHandler$2.call(ServletInitialHandler.java:135)
	at io.undertow.servlet.core.ServletRequestContextThreadSetupAction$1.call(ServletRequestContextThreadSetupAction.java:48)
	at io.undertow.servlet.core.ContextClassLoaderSetupAction$1.call(ContextClassLoaderSetupAction.java:43)
	at io.undertow.servlet.handlers.ServletInitialHandler.dispatchRequest(ServletInitialHandler.java:272)
	at io.undertow.servlet.handlers.ServletInitialHandler.access$000(ServletInitialHandler.java:81)
	at io.undertow.servlet.handlers.ServletInitialHandler$1.handleRequest(ServletInitialHandler.java:104)
	at io.undertow.server.Connectors.executeRootHandler(Connectors.java:364)
	at io.undertow.server.HttpServerExchange$1.run(HttpServerExchange.java:830)
	at java.util.concurrent.ThreadPoolExecutor.runWorker(Unknown Source)
	at java.util.concurrent.ThreadPoolExecutor$Worker.run(Unknown Source)
	at java.lang.Thread.run(Unknown Source)
Caused by: com.mysql.jdbc.exceptions.jdbc4.MySQLSyntaxErrorException: Unknown column 'undefined' in 'where clause'
	at sun.reflect.NativeConstructorAccessorImpl.newInstance0(Native Method)
	at sun.reflect.NativeConstructorAccessorImpl.newInstance(Unknown Source)
	at sun.reflect.DelegatingConstructorAccessorImpl.newInstance(Unknown Source)
	at java.lang.reflect.Constructor.newInstance(Unknown Source)
	at com.mysql.jdbc.Util.handleNewInstance(Util.java:425)
	at com.mysql.jdbc.Util.getInstance(Util.java:408)
	at com.mysql.jdbc.SQLError.createSQLException(SQLError.java:943)
	at com.mysql.jdbc.MysqlIO.checkErrorPacket(MysqlIO.java:3973)
	at com.mysql.jdbc.MysqlIO.checkErrorPacket(MysqlIO.java:3909)
	at com.mysql.jdbc.MysqlIO.sendCommand(MysqlIO.java:2527)
	at com.mysql.jdbc.MysqlIO.sqlQueryDirect(MysqlIO.java:2680)
	at com.mysql.jdbc.ConnectionImpl.execSQL(ConnectionImpl.java:2487)
	at com.mysql.jdbc.PreparedStatement.executeInternal(PreparedStatement.java:1858)
	at com.mysql.jdbc.PreparedStatement.executeQuery(PreparedStatement.java:1966)
	at com.alibaba.druid.pool.DruidPooledPreparedStatement.executeQuery(DruidPooledPreparedStatement.java:227)
	at com.jfinal.plugin.activerecord.Model.find(Model.java:678)
	at com.jfinal.plugin.activerecord.Model.find(Model.java:688)
	... 45 more

2019-05-16 13:18:33
[ERROR]-[Thread: XNIO-2 task-17]-[com.jfinal.core.ActionHandler.handle()]: /wechat/info?studentId=undefined
com.jfinal.plugin.activerecord.ActiveRecordException: com.mysql.jdbc.exceptions.jdbc4.MySQLSyntaxErrorException: Unknown column 'undefined' in 'where clause'
	at com.jfinal.plugin.activerecord.Model.find(Model.java:690)
	at com.jfinal.plugin.activerecord.Model.find(Model.java:703)
	at com.jfinal.plugin.activerecord.Model.findFirst(Model.java:726)
	at com.jfinal.plugin.activerecord.Model.findFirst(Model.java:735)
	at com.demo.common.model.Student.findInfo(Student.java:22)
	at com.demo.admin.WechatController.info(WechatController.java:22)
	at sun.reflect.NativeMethodAccessorImpl.invoke0(Native Method)
	at sun.reflect.NativeMethodAccessorImpl.invoke(Unknown Source)
	at sun.reflect.DelegatingMethodAccessorImpl.invoke(Unknown Source)
	at java.lang.reflect.Method.invoke(Unknown Source)
	at com.jfinal.aop.Invocation.invoke(Invocation.java:75)
	at com.demo.common.GlobalActionInterceptor.intercept(GlobalActionInterceptor.java:22)
	at com.jfinal.aop.Invocation.invoke(Invocation.java:69)
	at com.jfinal.core.ActionHandler.handle(ActionHandler.java:81)
	at com.jfinal.core.JFinalFilter.doFilter(JFinalFilter.java:89)
	at io.undertow.servlet.core.ManagedFilter.doFilter(ManagedFilter.java:61)
	at io.undertow.servlet.handlers.FilterHandler$FilterChainImpl.doFilter(FilterHandler.java:131)
	at io.undertow.servlet.handlers.FilterHandler.handleRequest(FilterHandler.java:84)
	at io.undertow.servlet.handlers.security.ServletSecurityRoleHandler.handleRequest(ServletSecurityRoleHandler.java:62)
	at io.undertow.servlet.handlers.ServletChain$1.handleRequest(ServletChain.java:68)
	at io.undertow.servlet.handlers.ServletDispatchingHandler.handleRequest(ServletDispatchingHandler.java:36)
	at io.undertow.servlet.handlers.security.SSLInformationAssociationHandler.handleRequest(SSLInformationAssociationHandler.java:132)
	at io.undertow.servlet.handlers.security.ServletAuthenticationCallHandler.handleRequest(ServletAuthenticationCallHandler.java:57)
	at io.undertow.server.handlers.PredicateHandler.handleRequest(PredicateHandler.java:43)
	at io.undertow.security.handlers.AbstractConfidentialityHandler.handleRequest(AbstractConfidentialityHandler.java:46)
	at io.undertow.servlet.handlers.security.ServletConfidentialityConstraintHandler.handleRequest(ServletConfidentialityConstraintHandler.java:64)
	at io.undertow.security.handlers.AuthenticationMechanismsHandler.handleRequest(AuthenticationMechanismsHandler.java:60)
	at io.undertow.servlet.handlers.security.CachedAuthenticatedSessionHandler.handleRequest(CachedAuthenticatedSessionHandler.java:77)
	at io.undertow.security.handlers.AbstractSecurityContextAssociationHandler.handleRequest(AbstractSecurityContextAssociationHandler.java:43)
	at io.undertow.server.handlers.PredicateHandler.handleRequest(PredicateHandler.java:43)
	at io.undertow.server.handlers.PredicateHandler.handleRequest(PredicateHandler.java:43)
	at io.undertow.servlet.handlers.SessionRestoringHandler.handleRequest(SessionRestoringHandler.java:119)
	at io.undertow.servlet.handlers.ServletInitialHandler.handleFirstRequest(ServletInitialHandler.java:292)
	at io.undertow.servlet.handlers.ServletInitialHandler.access$100(ServletInitialHandler.java:81)
	at io.undertow.servlet.handlers.ServletInitialHandler$2.call(ServletInitialHandler.java:138)
	at io.undertow.servlet.handlers.ServletInitialHandler$2.call(ServletInitialHandler.java:135)
	at io.undertow.servlet.core.ServletRequestContextThreadSetupAction$1.call(ServletRequestContextThreadSetupAction.java:48)
	at io.undertow.servlet.core.ContextClassLoaderSetupAction$1.call(ContextClassLoaderSetupAction.java:43)
	at io.undertow.servlet.handlers.ServletInitialHandler.dispatchRequest(ServletInitialHandler.java:272)
	at io.undertow.servlet.handlers.ServletInitialHandler.access$000(ServletInitialHandler.java:81)
	at io.undertow.servlet.handlers.ServletInitialHandler$1.handleRequest(ServletInitialHandler.java:104)
	at io.undertow.server.Connectors.executeRootHandler(Connectors.java:364)
	at io.undertow.server.HttpServerExchange$1.run(HttpServerExchange.java:830)
	at java.util.concurrent.ThreadPoolExecutor.runWorker(Unknown Source)
	at java.util.concurrent.ThreadPoolExecutor$Worker.run(Unknown Source)
	at java.lang.Thread.run(Unknown Source)
Caused by: com.mysql.jdbc.exceptions.jdbc4.MySQLSyntaxErrorException: Unknown column 'undefined' in 'where clause'
	at sun.reflect.NativeConstructorAccessorImpl.newInstance0(Native Method)
	at sun.reflect.NativeConstructorAccessorImpl.newInstance(Unknown Source)
	at sun.reflect.DelegatingConstructorAccessorImpl.newInstance(Unknown Source)
	at java.lang.reflect.Constructor.newInstance(Unknown Source)
	at com.mysql.jdbc.Util.handleNewInstance(Util.java:425)
	at com.mysql.jdbc.Util.getInstance(Util.java:408)
	at com.mysql.jdbc.SQLError.createSQLException(SQLError.java:943)
	at com.mysql.jdbc.MysqlIO.checkErrorPacket(MysqlIO.java:3973)
	at com.mysql.jdbc.MysqlIO.checkErrorPacket(MysqlIO.java:3909)
	at com.mysql.jdbc.MysqlIO.sendCommand(MysqlIO.java:2527)
	at com.mysql.jdbc.MysqlIO.sqlQueryDirect(MysqlIO.java:2680)
	at com.mysql.jdbc.ConnectionImpl.execSQL(ConnectionImpl.java:2487)
	at com.mysql.jdbc.PreparedStatement.executeInternal(PreparedStatement.java:1858)
	at com.mysql.jdbc.PreparedStatement.executeQuery(PreparedStatement.java:1966)
	at com.alibaba.druid.pool.DruidPooledPreparedStatement.executeQuery(DruidPooledPreparedStatement.java:227)
	at com.jfinal.plugin.activerecord.Model.find(Model.java:678)
	at com.jfinal.plugin.activerecord.Model.find(Model.java:688)
	... 45 more

2019-05-16 13:20:00
[ERROR]-[Thread: XNIO-2 task-22]-[com.jfinal.core.ActionHandler.handle()]: /wechat/info?studentId=undefined
com.jfinal.plugin.activerecord.ActiveRecordException: com.mysql.jdbc.exceptions.jdbc4.MySQLSyntaxErrorException: Unknown column 'undefined' in 'where clause'
	at com.jfinal.plugin.activerecord.Model.find(Model.java:690)
	at com.jfinal.plugin.activerecord.Model.find(Model.java:703)
	at com.jfinal.plugin.activerecord.Model.findFirst(Model.java:726)
	at com.jfinal.plugin.activerecord.Model.findFirst(Model.java:735)
	at com.demo.common.model.Student.findInfo(Student.java:22)
	at com.demo.admin.WechatController.info(WechatController.java:22)
	at sun.reflect.NativeMethodAccessorImpl.invoke0(Native Method)
	at sun.reflect.NativeMethodAccessorImpl.invoke(Unknown Source)
	at sun.reflect.DelegatingMethodAccessorImpl.invoke(Unknown Source)
	at java.lang.reflect.Method.invoke(Unknown Source)
	at com.jfinal.aop.Invocation.invoke(Invocation.java:75)
	at com.demo.common.GlobalActionInterceptor.intercept(GlobalActionInterceptor.java:22)
	at com.jfinal.aop.Invocation.invoke(Invocation.java:69)
	at com.jfinal.core.ActionHandler.handle(ActionHandler.java:81)
	at com.jfinal.core.JFinalFilter.doFilter(JFinalFilter.java:89)
	at io.undertow.servlet.core.ManagedFilter.doFilter(ManagedFilter.java:61)
	at io.undertow.servlet.handlers.FilterHandler$FilterChainImpl.doFilter(FilterHandler.java:131)
	at io.undertow.servlet.handlers.FilterHandler.handleRequest(FilterHandler.java:84)
	at io.undertow.servlet.handlers.security.ServletSecurityRoleHandler.handleRequest(ServletSecurityRoleHandler.java:62)
	at io.undertow.servlet.handlers.ServletChain$1.handleRequest(ServletChain.java:68)
	at io.undertow.servlet.handlers.ServletDispatchingHandler.handleRequest(ServletDispatchingHandler.java:36)
	at io.undertow.servlet.handlers.security.SSLInformationAssociationHandler.handleRequest(SSLInformationAssociationHandler.java:132)
	at io.undertow.servlet.handlers.security.ServletAuthenticationCallHandler.handleRequest(ServletAuthenticationCallHandler.java:57)
	at io.undertow.server.handlers.PredicateHandler.handleRequest(PredicateHandler.java:43)
	at io.undertow.security.handlers.AbstractConfidentialityHandler.handleRequest(AbstractConfidentialityHandler.java:46)
	at io.undertow.servlet.handlers.security.ServletConfidentialityConstraintHandler.handleRequest(ServletConfidentialityConstraintHandler.java:64)
	at io.undertow.security.handlers.AuthenticationMechanismsHandler.handleRequest(AuthenticationMechanismsHandler.java:60)
	at io.undertow.servlet.handlers.security.CachedAuthenticatedSessionHandler.handleRequest(CachedAuthenticatedSessionHandler.java:77)
	at io.undertow.security.handlers.AbstractSecurityContextAssociationHandler.handleRequest(AbstractSecurityContextAssociationHandler.java:43)
	at io.undertow.server.handlers.PredicateHandler.handleRequest(PredicateHandler.java:43)
	at io.undertow.server.handlers.PredicateHandler.handleRequest(PredicateHandler.java:43)
	at io.undertow.servlet.handlers.SessionRestoringHandler.handleRequest(SessionRestoringHandler.java:119)
	at io.undertow.servlet.handlers.ServletInitialHandler.handleFirstRequest(ServletInitialHandler.java:292)
	at io.undertow.servlet.handlers.ServletInitialHandler.access$100(ServletInitialHandler.java:81)
	at io.undertow.servlet.handlers.ServletInitialHandler$2.call(ServletInitialHandler.java:138)
	at io.undertow.servlet.handlers.ServletInitialHandler$2.call(ServletInitialHandler.java:135)
	at io.undertow.servlet.core.ServletRequestContextThreadSetupAction$1.call(ServletRequestContextThreadSetupAction.java:48)
	at io.undertow.servlet.core.ContextClassLoaderSetupAction$1.call(ContextClassLoaderSetupAction.java:43)
	at io.undertow.servlet.handlers.ServletInitialHandler.dispatchRequest(ServletInitialHandler.java:272)
	at io.undertow.servlet.handlers.ServletInitialHandler.access$000(ServletInitialHandler.java:81)
	at io.undertow.servlet.handlers.ServletInitialHandler$1.handleRequest(ServletInitialHandler.java:104)
	at io.undertow.server.Connectors.executeRootHandler(Connectors.java:364)
	at io.undertow.server.HttpServerExchange$1.run(HttpServerExchange.java:830)
	at java.util.concurrent.ThreadPoolExecutor.runWorker(Unknown Source)
	at java.util.concurrent.ThreadPoolExecutor$Worker.run(Unknown Source)
	at java.lang.Thread.run(Unknown Source)
Caused by: com.mysql.jdbc.exceptions.jdbc4.MySQLSyntaxErrorException: Unknown column 'undefined' in 'where clause'
	at sun.reflect.NativeConstructorAccessorImpl.newInstance0(Native Method)
	at sun.reflect.NativeConstructorAccessorImpl.newInstance(Unknown Source)
	at sun.reflect.DelegatingConstructorAccessorImpl.newInstance(Unknown Source)
	at java.lang.reflect.Constructor.newInstance(Unknown Source)
	at com.mysql.jdbc.Util.handleNewInstance(Util.java:425)
	at com.mysql.jdbc.Util.getInstance(Util.java:408)
	at com.mysql.jdbc.SQLError.createSQLException(SQLError.java:943)
	at com.mysql.jdbc.MysqlIO.checkErrorPacket(MysqlIO.java:3973)
	at com.mysql.jdbc.MysqlIO.checkErrorPacket(MysqlIO.java:3909)
	at com.mysql.jdbc.MysqlIO.sendCommand(MysqlIO.java:2527)
	at com.mysql.jdbc.MysqlIO.sqlQueryDirect(MysqlIO.java:2680)
	at com.mysql.jdbc.ConnectionImpl.execSQL(ConnectionImpl.java:2487)
	at com.mysql.jdbc.PreparedStatement.executeInternal(PreparedStatement.java:1858)
	at com.mysql.jdbc.PreparedStatement.executeQuery(PreparedStatement.java:1966)
	at com.alibaba.druid.pool.DruidPooledPreparedStatement.executeQuery(DruidPooledPreparedStatement.java:227)
	at com.jfinal.plugin.activerecord.Model.find(Model.java:678)
	at com.jfinal.plugin.activerecord.Model.find(Model.java:688)
	... 45 more

2019-05-16 13:20:05
[ERROR]-[Thread: XNIO-2 task-23]-[com.jfinal.core.ActionHandler.handle()]: /wechat/info?studentId=undefined
com.jfinal.plugin.activerecord.ActiveRecordException: com.mysql.jdbc.exceptions.jdbc4.MySQLSyntaxErrorException: Unknown column 'undefined' in 'where clause'
	at com.jfinal.plugin.activerecord.Model.find(Model.java:690)
	at com.jfinal.plugin.activerecord.Model.find(Model.java:703)
	at com.jfinal.plugin.activerecord.Model.findFirst(Model.java:726)
	at com.jfinal.plugin.activerecord.Model.findFirst(Model.java:735)
	at com.demo.common.model.Student.findInfo(Student.java:22)
	at com.demo.admin.WechatController.info(WechatController.java:22)
	at sun.reflect.NativeMethodAccessorImpl.invoke0(Native Method)
	at sun.reflect.NativeMethodAccessorImpl.invoke(Unknown Source)
	at sun.reflect.DelegatingMethodAccessorImpl.invoke(Unknown Source)
	at java.lang.reflect.Method.invoke(Unknown Source)
	at com.jfinal.aop.Invocation.invoke(Invocation.java:75)
	at com.demo.common.GlobalActionInterceptor.intercept(GlobalActionInterceptor.java:22)
	at com.jfinal.aop.Invocation.invoke(Invocation.java:69)
	at com.jfinal.core.ActionHandler.handle(ActionHandler.java:81)
	at com.jfinal.core.JFinalFilter.doFilter(JFinalFilter.java:89)
	at io.undertow.servlet.core.ManagedFilter.doFilter(ManagedFilter.java:61)
	at io.undertow.servlet.handlers.FilterHandler$FilterChainImpl.doFilter(FilterHandler.java:131)
	at io.undertow.servlet.handlers.FilterHandler.handleRequest(FilterHandler.java:84)
	at io.undertow.servlet.handlers.security.ServletSecurityRoleHandler.handleRequest(ServletSecurityRoleHandler.java:62)
	at io.undertow.servlet.handlers.ServletChain$1.handleRequest(ServletChain.java:68)
	at io.undertow.servlet.handlers.ServletDispatchingHandler.handleRequest(ServletDispatchingHandler.java:36)
	at io.undertow.servlet.handlers.security.SSLInformationAssociationHandler.handleRequest(SSLInformationAssociationHandler.java:132)
	at io.undertow.servlet.handlers.security.ServletAuthenticationCallHandler.handleRequest(ServletAuthenticationCallHandler.java:57)
	at io.undertow.server.handlers.PredicateHandler.handleRequest(PredicateHandler.java:43)
	at io.undertow.security.handlers.AbstractConfidentialityHandler.handleRequest(AbstractConfidentialityHandler.java:46)
	at io.undertow.servlet.handlers.security.ServletConfidentialityConstraintHandler.handleRequest(ServletConfidentialityConstraintHandler.java:64)
	at io.undertow.security.handlers.AuthenticationMechanismsHandler.handleRequest(AuthenticationMechanismsHandler.java:60)
	at io.undertow.servlet.handlers.security.CachedAuthenticatedSessionHandler.handleRequest(CachedAuthenticatedSessionHandler.java:77)
	at io.undertow.security.handlers.AbstractSecurityContextAssociationHandler.handleRequest(AbstractSecurityContextAssociationHandler.java:43)
	at io.undertow.server.handlers.PredicateHandler.handleRequest(PredicateHandler.java:43)
	at io.undertow.server.handlers.PredicateHandler.handleRequest(PredicateHandler.java:43)
	at io.undertow.servlet.handlers.SessionRestoringHandler.handleRequest(SessionRestoringHandler.java:119)
	at io.undertow.servlet.handlers.ServletInitialHandler.handleFirstRequest(ServletInitialHandler.java:292)
	at io.undertow.servlet.handlers.ServletInitialHandler.access$100(ServletInitialHandler.java:81)
	at io.undertow.servlet.handlers.ServletInitialHandler$2.call(ServletInitialHandler.java:138)
	at io.undertow.servlet.handlers.ServletInitialHandler$2.call(ServletInitialHandler.java:135)
	at io.undertow.servlet.core.ServletRequestContextThreadSetupAction$1.call(ServletRequestContextThreadSetupAction.java:48)
	at io.undertow.servlet.core.ContextClassLoaderSetupAction$1.call(ContextClassLoaderSetupAction.java:43)
	at io.undertow.servlet.handlers.ServletInitialHandler.dispatchRequest(ServletInitialHandler.java:272)
	at io.undertow.servlet.handlers.ServletInitialHandler.access$000(ServletInitialHandler.java:81)
	at io.undertow.servlet.handlers.ServletInitialHandler$1.handleRequest(ServletInitialHandler.java:104)
	at io.undertow.server.Connectors.executeRootHandler(Connectors.java:364)
	at io.undertow.server.HttpServerExchange$1.run(HttpServerExchange.java:830)
	at java.util.concurrent.ThreadPoolExecutor.runWorker(Unknown Source)
	at java.util.concurrent.ThreadPoolExecutor$Worker.run(Unknown Source)
	at java.lang.Thread.run(Unknown Source)
Caused by: com.mysql.jdbc.exceptions.jdbc4.MySQLSyntaxErrorException: Unknown column 'undefined' in 'where clause'
	at sun.reflect.NativeConstructorAccessorImpl.newInstance0(Native Method)
	at sun.reflect.NativeConstructorAccessorImpl.newInstance(Unknown Source)
	at sun.reflect.DelegatingConstructorAccessorImpl.newInstance(Unknown Source)
	at java.lang.reflect.Constructor.newInstance(Unknown Source)
	at com.mysql.jdbc.Util.handleNewInstance(Util.java:425)
	at com.mysql.jdbc.Util.getInstance(Util.java:408)
	at com.mysql.jdbc.SQLError.createSQLException(SQLError.java:943)
	at com.mysql.jdbc.MysqlIO.checkErrorPacket(MysqlIO.java:3973)
	at com.mysql.jdbc.MysqlIO.checkErrorPacket(MysqlIO.java:3909)
	at com.mysql.jdbc.MysqlIO.sendCommand(MysqlIO.java:2527)
	at com.mysql.jdbc.MysqlIO.sqlQueryDirect(MysqlIO.java:2680)
	at com.mysql.jdbc.ConnectionImpl.execSQL(ConnectionImpl.java:2487)
	at com.mysql.jdbc.PreparedStatement.executeInternal(PreparedStatement.java:1858)
	at com.mysql.jdbc.PreparedStatement.executeQuery(PreparedStatement.java:1966)
	at com.alibaba.druid.pool.DruidPooledPreparedStatement.executeQuery(DruidPooledPreparedStatement.java:227)
	at com.jfinal.plugin.activerecord.Model.find(Model.java:678)
	at com.jfinal.plugin.activerecord.Model.find(Model.java:688)
	... 45 more

2019-05-16 13:22:11
[ERROR]-[Thread: XNIO-2 task-29]-[com.jfinal.core.ActionHandler.handle()]: /wechat/info?studentId=undefined
com.jfinal.plugin.activerecord.ActiveRecordException: com.mysql.jdbc.exceptions.jdbc4.MySQLSyntaxErrorException: Unknown column 'undefined' in 'where clause'
	at com.jfinal.plugin.activerecord.Model.find(Model.java:690)
	at com.jfinal.plugin.activerecord.Model.find(Model.java:703)
	at com.jfinal.plugin.activerecord.Model.findFirst(Model.java:726)
	at com.jfinal.plugin.activerecord.Model.findFirst(Model.java:735)
	at com.demo.common.model.Student.findInfo(Student.java:22)
	at com.demo.admin.WechatController.info(WechatController.java:22)
	at sun.reflect.GeneratedMethodAccessor2.invoke(Unknown Source)
	at sun.reflect.DelegatingMethodAccessorImpl.invoke(Unknown Source)
	at java.lang.reflect.Method.invoke(Unknown Source)
	at com.jfinal.aop.Invocation.invoke(Invocation.java:75)
	at com.demo.common.GlobalActionInterceptor.intercept(GlobalActionInterceptor.java:22)
	at com.jfinal.aop.Invocation.invoke(Invocation.java:69)
	at com.jfinal.core.ActionHandler.handle(ActionHandler.java:81)
	at com.jfinal.core.JFinalFilter.doFilter(JFinalFilter.java:89)
	at io.undertow.servlet.core.ManagedFilter.doFilter(ManagedFilter.java:61)
	at io.undertow.servlet.handlers.FilterHandler$FilterChainImpl.doFilter(FilterHandler.java:131)
	at io.undertow.servlet.handlers.FilterHandler.handleRequest(FilterHandler.java:84)
	at io.undertow.servlet.handlers.security.ServletSecurityRoleHandler.handleRequest(ServletSecurityRoleHandler.java:62)
	at io.undertow.servlet.handlers.ServletChain$1.handleRequest(ServletChain.java:68)
	at io.undertow.servlet.handlers.ServletDispatchingHandler.handleRequest(ServletDispatchingHandler.java:36)
	at io.undertow.servlet.handlers.security.SSLInformationAssociationHandler.handleRequest(SSLInformationAssociationHandler.java:132)
	at io.undertow.servlet.handlers.security.ServletAuthenticationCallHandler.handleRequest(ServletAuthenticationCallHandler.java:57)
	at io.undertow.server.handlers.PredicateHandler.handleRequest(PredicateHandler.java:43)
	at io.undertow.security.handlers.AbstractConfidentialityHandler.handleRequest(AbstractConfidentialityHandler.java:46)
	at io.undertow.servlet.handlers.security.ServletConfidentialityConstraintHandler.handleRequest(ServletConfidentialityConstraintHandler.java:64)
	at io.undertow.security.handlers.AuthenticationMechanismsHandler.handleRequest(AuthenticationMechanismsHandler.java:60)
	at io.undertow.servlet.handlers.security.CachedAuthenticatedSessionHandler.handleRequest(CachedAuthenticatedSessionHandler.java:77)
	at io.undertow.security.handlers.AbstractSecurityContextAssociationHandler.handleRequest(AbstractSecurityContextAssociationHandler.java:43)
	at io.undertow.server.handlers.PredicateHandler.handleRequest(PredicateHandler.java:43)
	at io.undertow.server.handlers.PredicateHandler.handleRequest(PredicateHandler.java:43)
	at io.undertow.servlet.handlers.SessionRestoringHandler.handleRequest(SessionRestoringHandler.java:119)
	at io.undertow.servlet.handlers.ServletInitialHandler.handleFirstRequest(ServletInitialHandler.java:292)
	at io.undertow.servlet.handlers.ServletInitialHandler.access$100(ServletInitialHandler.java:81)
	at io.undertow.servlet.handlers.ServletInitialHandler$2.call(ServletInitialHandler.java:138)
	at io.undertow.servlet.handlers.ServletInitialHandler$2.call(ServletInitialHandler.java:135)
	at io.undertow.servlet.core.ServletRequestContextThreadSetupAction$1.call(ServletRequestContextThreadSetupAction.java:48)
	at io.undertow.servlet.core.ContextClassLoaderSetupAction$1.call(ContextClassLoaderSetupAction.java:43)
	at io.undertow.servlet.handlers.ServletInitialHandler.dispatchRequest(ServletInitialHandler.java:272)
	at io.undertow.servlet.handlers.ServletInitialHandler.access$000(ServletInitialHandler.java:81)
	at io.undertow.servlet.handlers.ServletInitialHandler$1.handleRequest(ServletInitialHandler.java:104)
	at io.undertow.server.Connectors.executeRootHandler(Connectors.java:364)
	at io.undertow.server.HttpServerExchange$1.run(HttpServerExchange.java:830)
	at java.util.concurrent.ThreadPoolExecutor.runWorker(Unknown Source)
	at java.util.concurrent.ThreadPoolExecutor$Worker.run(Unknown Source)
	at java.lang.Thread.run(Unknown Source)
Caused by: com.mysql.jdbc.exceptions.jdbc4.MySQLSyntaxErrorException: Unknown column 'undefined' in 'where clause'
	at sun.reflect.NativeConstructorAccessorImpl.newInstance0(Native Method)
	at sun.reflect.NativeConstructorAccessorImpl.newInstance(Unknown Source)
	at sun.reflect.DelegatingConstructorAccessorImpl.newInstance(Unknown Source)
	at java.lang.reflect.Constructor.newInstance(Unknown Source)
	at com.mysql.jdbc.Util.handleNewInstance(Util.java:425)
	at com.mysql.jdbc.Util.getInstance(Util.java:408)
	at com.mysql.jdbc.SQLError.createSQLException(SQLError.java:943)
	at com.mysql.jdbc.MysqlIO.checkErrorPacket(MysqlIO.java:3973)
	at com.mysql.jdbc.MysqlIO.checkErrorPacket(MysqlIO.java:3909)
	at com.mysql.jdbc.MysqlIO.sendCommand(MysqlIO.java:2527)
	at com.mysql.jdbc.MysqlIO.sqlQueryDirect(MysqlIO.java:2680)
	at com.mysql.jdbc.ConnectionImpl.execSQL(ConnectionImpl.java:2487)
	at com.mysql.jdbc.PreparedStatement.executeInternal(PreparedStatement.java:1858)
	at com.mysql.jdbc.PreparedStatement.executeQuery(PreparedStatement.java:1966)
	at com.alibaba.druid.pool.DruidPooledPreparedStatement.executeQuery(DruidPooledPreparedStatement.java:227)
	at com.jfinal.plugin.activerecord.Model.find(Model.java:678)
	at com.jfinal.plugin.activerecord.Model.find(Model.java:688)
	... 44 more

2019-05-16 13:22:16
[ERROR]-[Thread: XNIO-2 task-30]-[com.jfinal.core.ActionHandler.handle()]: /wechat/info?studentId=undefined
com.jfinal.plugin.activerecord.ActiveRecordException: com.mysql.jdbc.exceptions.jdbc4.MySQLSyntaxErrorException: Unknown column 'undefined' in 'where clause'
	at com.jfinal.plugin.activerecord.Model.find(Model.java:690)
	at com.jfinal.plugin.activerecord.Model.find(Model.java:703)
	at com.jfinal.plugin.activerecord.Model.findFirst(Model.java:726)
	at com.jfinal.plugin.activerecord.Model.findFirst(Model.java:735)
	at com.demo.common.model.Student.findInfo(Student.java:22)
	at com.demo.admin.WechatController.info(WechatController.java:22)
	at sun.reflect.GeneratedMethodAccessor2.invoke(Unknown Source)
	at sun.reflect.DelegatingMethodAccessorImpl.invoke(Unknown Source)
	at java.lang.reflect.Method.invoke(Unknown Source)
	at com.jfinal.aop.Invocation.invoke(Invocation.java:75)
	at com.demo.common.GlobalActionInterceptor.intercept(GlobalActionInterceptor.java:22)
	at com.jfinal.aop.Invocation.invoke(Invocation.java:69)
	at com.jfinal.core.ActionHandler.handle(ActionHandler.java:81)
	at com.jfinal.core.JFinalFilter.doFilter(JFinalFilter.java:89)
	at io.undertow.servlet.core.ManagedFilter.doFilter(ManagedFilter.java:61)
	at io.undertow.servlet.handlers.FilterHandler$FilterChainImpl.doFilter(FilterHandler.java:131)
	at io.undertow.servlet.handlers.FilterHandler.handleRequest(FilterHandler.java:84)
	at io.undertow.servlet.handlers.security.ServletSecurityRoleHandler.handleRequest(ServletSecurityRoleHandler.java:62)
	at io.undertow.servlet.handlers.ServletChain$1.handleRequest(ServletChain.java:68)
	at io.undertow.servlet.handlers.ServletDispatchingHandler.handleRequest(ServletDispatchingHandler.java:36)
	at io.undertow.servlet.handlers.security.SSLInformationAssociationHandler.handleRequest(SSLInformationAssociationHandler.java:132)
	at io.undertow.servlet.handlers.security.ServletAuthenticationCallHandler.handleRequest(ServletAuthenticationCallHandler.java:57)
	at io.undertow.server.handlers.PredicateHandler.handleRequest(PredicateHandler.java:43)
	at io.undertow.security.handlers.AbstractConfidentialityHandler.handleRequest(AbstractConfidentialityHandler.java:46)
	at io.undertow.servlet.handlers.security.ServletConfidentialityConstraintHandler.handleRequest(ServletConfidentialityConstraintHandler.java:64)
	at io.undertow.security.handlers.AuthenticationMechanismsHandler.handleRequest(AuthenticationMechanismsHandler.java:60)
	at io.undertow.servlet.handlers.security.CachedAuthenticatedSessionHandler.handleRequest(CachedAuthenticatedSessionHandler.java:77)
	at io.undertow.security.handlers.AbstractSecurityContextAssociationHandler.handleRequest(AbstractSecurityContextAssociationHandler.java:43)
	at io.undertow.server.handlers.PredicateHandler.handleRequest(PredicateHandler.java:43)
	at io.undertow.server.handlers.PredicateHandler.handleRequest(PredicateHandler.java:43)
	at io.undertow.servlet.handlers.SessionRestoringHandler.handleRequest(SessionRestoringHandler.java:119)
	at io.undertow.servlet.handlers.ServletInitialHandler.handleFirstRequest(ServletInitialHandler.java:292)
	at io.undertow.servlet.handlers.ServletInitialHandler.access$100(ServletInitialHandler.java:81)
	at io.undertow.servlet.handlers.ServletInitialHandler$2.call(ServletInitialHandler.java:138)
	at io.undertow.servlet.handlers.ServletInitialHandler$2.call(ServletInitialHandler.java:135)
	at io.undertow.servlet.core.ServletRequestContextThreadSetupAction$1.call(ServletRequestContextThreadSetupAction.java:48)
	at io.undertow.servlet.core.ContextClassLoaderSetupAction$1.call(ContextClassLoaderSetupAction.java:43)
	at io.undertow.servlet.handlers.ServletInitialHandler.dispatchRequest(ServletInitialHandler.java:272)
	at io.undertow.servlet.handlers.ServletInitialHandler.access$000(ServletInitialHandler.java:81)
	at io.undertow.servlet.handlers.ServletInitialHandler$1.handleRequest(ServletInitialHandler.java:104)
	at io.undertow.server.Connectors.executeRootHandler(Connectors.java:364)
	at io.undertow.server.HttpServerExchange$1.run(HttpServerExchange.java:830)
	at java.util.concurrent.ThreadPoolExecutor.runWorker(Unknown Source)
	at java.util.concurrent.ThreadPoolExecutor$Worker.run(Unknown Source)
	at java.lang.Thread.run(Unknown Source)
Caused by: com.mysql.jdbc.exceptions.jdbc4.MySQLSyntaxErrorException: Unknown column 'undefined' in 'where clause'
	at sun.reflect.NativeConstructorAccessorImpl.newInstance0(Native Method)
	at sun.reflect.NativeConstructorAccessorImpl.newInstance(Unknown Source)
	at sun.reflect.DelegatingConstructorAccessorImpl.newInstance(Unknown Source)
	at java.lang.reflect.Constructor.newInstance(Unknown Source)
	at com.mysql.jdbc.Util.handleNewInstance(Util.java:425)
	at com.mysql.jdbc.Util.getInstance(Util.java:408)
	at com.mysql.jdbc.SQLError.createSQLException(SQLError.java:943)
	at com.mysql.jdbc.MysqlIO.checkErrorPacket(MysqlIO.java:3973)
	at com.mysql.jdbc.MysqlIO.checkErrorPacket(MysqlIO.java:3909)
	at com.mysql.jdbc.MysqlIO.sendCommand(MysqlIO.java:2527)
	at com.mysql.jdbc.MysqlIO.sqlQueryDirect(MysqlIO.java:2680)
	at com.mysql.jdbc.ConnectionImpl.execSQL(ConnectionImpl.java:2487)
	at com.mysql.jdbc.PreparedStatement.executeInternal(PreparedStatement.java:1858)
	at com.mysql.jdbc.PreparedStatement.executeQuery(PreparedStatement.java:1966)
	at com.alibaba.druid.pool.DruidPooledPreparedStatement.executeQuery(DruidPooledPreparedStatement.java:227)
	at com.jfinal.plugin.activerecord.Model.find(Model.java:678)
	at com.jfinal.plugin.activerecord.Model.find(Model.java:688)
	... 44 more

2019-05-16 13:28:24
[ERROR]-[Thread: XNIO-2 task-35]-[com.jfinal.core.ActionHandler.handle()]: /wechat/info?studentId=undefined
com.jfinal.plugin.activerecord.ActiveRecordException: com.mysql.jdbc.exceptions.jdbc4.MySQLSyntaxErrorException: Unknown column 'undefined' in 'where clause'
	at com.jfinal.plugin.activerecord.Model.find(Model.java:690)
	at com.jfinal.plugin.activerecord.Model.find(Model.java:703)
	at com.jfinal.plugin.activerecord.Model.findFirst(Model.java:726)
	at com.jfinal.plugin.activerecord.Model.findFirst(Model.java:735)
	at com.demo.common.model.Student.findInfo(Student.java:22)
	at com.demo.admin.WechatController.info(WechatController.java:22)
	at sun.reflect.GeneratedMethodAccessor2.invoke(Unknown Source)
	at sun.reflect.DelegatingMethodAccessorImpl.invoke(Unknown Source)
	at java.lang.reflect.Method.invoke(Unknown Source)
	at com.jfinal.aop.Invocation.invoke(Invocation.java:75)
	at com.demo.common.GlobalActionInterceptor.intercept(GlobalActionInterceptor.java:22)
	at com.jfinal.aop.Invocation.invoke(Invocation.java:69)
	at com.jfinal.core.ActionHandler.handle(ActionHandler.java:81)
	at com.jfinal.core.JFinalFilter.doFilter(JFinalFilter.java:89)
	at io.undertow.servlet.core.ManagedFilter.doFilter(ManagedFilter.java:61)
	at io.undertow.servlet.handlers.FilterHandler$FilterChainImpl.doFilter(FilterHandler.java:131)
	at io.undertow.servlet.handlers.FilterHandler.handleRequest(FilterHandler.java:84)
	at io.undertow.servlet.handlers.security.ServletSecurityRoleHandler.handleRequest(ServletSecurityRoleHandler.java:62)
	at io.undertow.servlet.handlers.ServletChain$1.handleRequest(ServletChain.java:68)
	at io.undertow.servlet.handlers.ServletDispatchingHandler.handleRequest(ServletDispatchingHandler.java:36)
	at io.undertow.servlet.handlers.security.SSLInformationAssociationHandler.handleRequest(SSLInformationAssociationHandler.java:132)
	at io.undertow.servlet.handlers.security.ServletAuthenticationCallHandler.handleRequest(ServletAuthenticationCallHandler.java:57)
	at io.undertow.server.handlers.PredicateHandler.handleRequest(PredicateHandler.java:43)
	at io.undertow.security.handlers.AbstractConfidentialityHandler.handleRequest(AbstractConfidentialityHandler.java:46)
	at io.undertow.servlet.handlers.security.ServletConfidentialityConstraintHandler.handleRequest(ServletConfidentialityConstraintHandler.java:64)
	at io.undertow.security.handlers.AuthenticationMechanismsHandler.handleRequest(AuthenticationMechanismsHandler.java:60)
	at io.undertow.servlet.handlers.security.CachedAuthenticatedSessionHandler.handleRequest(CachedAuthenticatedSessionHandler.java:77)
	at io.undertow.security.handlers.AbstractSecurityContextAssociationHandler.handleRequest(AbstractSecurityContextAssociationHandler.java:43)
	at io.undertow.server.handlers.PredicateHandler.handleRequest(PredicateHandler.java:43)
	at io.undertow.server.handlers.PredicateHandler.handleRequest(PredicateHandler.java:43)
	at io.undertow.servlet.handlers.SessionRestoringHandler.handleRequest(SessionRestoringHandler.java:119)
	at io.undertow.servlet.handlers.ServletInitialHandler.handleFirstRequest(ServletInitialHandler.java:292)
	at io.undertow.servlet.handlers.ServletInitialHandler.access$100(ServletInitialHandler.java:81)
	at io.undertow.servlet.handlers.ServletInitialHandler$2.call(ServletInitialHandler.java:138)
	at io.undertow.servlet.handlers.ServletInitialHandler$2.call(ServletInitialHandler.java:135)
	at io.undertow.servlet.core.ServletRequestContextThreadSetupAction$1.call(ServletRequestContextThreadSetupAction.java:48)
	at io.undertow.servlet.core.ContextClassLoaderSetupAction$1.call(ContextClassLoaderSetupAction.java:43)
	at io.undertow.servlet.handlers.ServletInitialHandler.dispatchRequest(ServletInitialHandler.java:272)
	at io.undertow.servlet.handlers.ServletInitialHandler.access$000(ServletInitialHandler.java:81)
	at io.undertow.servlet.handlers.ServletInitialHandler$1.handleRequest(ServletInitialHandler.java:104)
	at io.undertow.server.Connectors.executeRootHandler(Connectors.java:364)
	at io.undertow.server.HttpServerExchange$1.run(HttpServerExchange.java:830)
	at java.util.concurrent.ThreadPoolExecutor.runWorker(Unknown Source)
	at java.util.concurrent.ThreadPoolExecutor$Worker.run(Unknown Source)
	at java.lang.Thread.run(Unknown Source)
Caused by: com.mysql.jdbc.exceptions.jdbc4.MySQLSyntaxErrorException: Unknown column 'undefined' in 'where clause'
	at sun.reflect.NativeConstructorAccessorImpl.newInstance0(Native Method)
	at sun.reflect.NativeConstructorAccessorImpl.newInstance(Unknown Source)
	at sun.reflect.DelegatingConstructorAccessorImpl.newInstance(Unknown Source)
	at java.lang.reflect.Constructor.newInstance(Unknown Source)
	at com.mysql.jdbc.Util.handleNewInstance(Util.java:425)
	at com.mysql.jdbc.Util.getInstance(Util.java:408)
	at com.mysql.jdbc.SQLError.createSQLException(SQLError.java:943)
	at com.mysql.jdbc.MysqlIO.checkErrorPacket(MysqlIO.java:3973)
	at com.mysql.jdbc.MysqlIO.checkErrorPacket(MysqlIO.java:3909)
	at com.mysql.jdbc.MysqlIO.sendCommand(MysqlIO.java:2527)
	at com.mysql.jdbc.MysqlIO.sqlQueryDirect(MysqlIO.java:2680)
	at com.mysql.jdbc.ConnectionImpl.execSQL(ConnectionImpl.java:2487)
	at com.mysql.jdbc.PreparedStatement.executeInternal(PreparedStatement.java:1858)
	at com.mysql.jdbc.PreparedStatement.executeQuery(PreparedStatement.java:1966)
	at com.alibaba.druid.pool.DruidPooledPreparedStatement.executeQuery(DruidPooledPreparedStatement.java:227)
	at com.jfinal.plugin.activerecord.Model.find(Model.java:678)
	at com.jfinal.plugin.activerecord.Model.find(Model.java:688)
	... 44 more

2019-05-16 13:28:29
[ERROR]-[Thread: XNIO-2 task-36]-[com.jfinal.core.ActionHandler.handle()]: /wechat/info?studentId=undefined
com.jfinal.plugin.activerecord.ActiveRecordException: com.mysql.jdbc.exceptions.jdbc4.MySQLSyntaxErrorException: Unknown column 'undefined' in 'where clause'
	at com.jfinal.plugin.activerecord.Model.find(Model.java:690)
	at com.jfinal.plugin.activerecord.Model.find(Model.java:703)
	at com.jfinal.plugin.activerecord.Model.findFirst(Model.java:726)
	at com.jfinal.plugin.activerecord.Model.findFirst(Model.java:735)
	at com.demo.common.model.Student.findInfo(Student.java:22)
	at com.demo.admin.WechatController.info(WechatController.java:22)
	at sun.reflect.GeneratedMethodAccessor2.invoke(Unknown Source)
	at sun.reflect.DelegatingMethodAccessorImpl.invoke(Unknown Source)
	at java.lang.reflect.Method.invoke(Unknown Source)
	at com.jfinal.aop.Invocation.invoke(Invocation.java:75)
	at com.demo.common.GlobalActionInterceptor.intercept(GlobalActionInterceptor.java:22)
	at com.jfinal.aop.Invocation.invoke(Invocation.java:69)
	at com.jfinal.core.ActionHandler.handle(ActionHandler.java:81)
	at com.jfinal.core.JFinalFilter.doFilter(JFinalFilter.java:89)
	at io.undertow.servlet.core.ManagedFilter.doFilter(ManagedFilter.java:61)
	at io.undertow.servlet.handlers.FilterHandler$FilterChainImpl.doFilter(FilterHandler.java:131)
	at io.undertow.servlet.handlers.FilterHandler.handleRequest(FilterHandler.java:84)
	at io.undertow.servlet.handlers.security.ServletSecurityRoleHandler.handleRequest(ServletSecurityRoleHandler.java:62)
	at io.undertow.servlet.handlers.ServletChain$1.handleRequest(ServletChain.java:68)
	at io.undertow.servlet.handlers.ServletDispatchingHandler.handleRequest(ServletDispatchingHandler.java:36)
	at io.undertow.servlet.handlers.security.SSLInformationAssociationHandler.handleRequest(SSLInformationAssociationHandler.java:132)
	at io.undertow.servlet.handlers.security.ServletAuthenticationCallHandler.handleRequest(ServletAuthenticationCallHandler.java:57)
	at io.undertow.server.handlers.PredicateHandler.handleRequest(PredicateHandler.java:43)
	at io.undertow.security.handlers.AbstractConfidentialityHandler.handleRequest(AbstractConfidentialityHandler.java:46)
	at io.undertow.servlet.handlers.security.ServletConfidentialityConstraintHandler.handleRequest(ServletConfidentialityConstraintHandler.java:64)
	at io.undertow.security.handlers.AuthenticationMechanismsHandler.handleRequest(AuthenticationMechanismsHandler.java:60)
	at io.undertow.servlet.handlers.security.CachedAuthenticatedSessionHandler.handleRequest(CachedAuthenticatedSessionHandler.java:77)
	at io.undertow.security.handlers.AbstractSecurityContextAssociationHandler.handleRequest(AbstractSecurityContextAssociationHandler.java:43)
	at io.undertow.server.handlers.PredicateHandler.handleRequest(PredicateHandler.java:43)
	at io.undertow.server.handlers.PredicateHandler.handleRequest(PredicateHandler.java:43)
	at io.undertow.servlet.handlers.SessionRestoringHandler.handleRequest(SessionRestoringHandler.java:119)
	at io.undertow.servlet.handlers.ServletInitialHandler.handleFirstRequest(ServletInitialHandler.java:292)
	at io.undertow.servlet.handlers.ServletInitialHandler.access$100(ServletInitialHandler.java:81)
	at io.undertow.servlet.handlers.ServletInitialHandler$2.call(ServletInitialHandler.java:138)
	at io.undertow.servlet.handlers.ServletInitialHandler$2.call(ServletInitialHandler.java:135)
	at io.undertow.servlet.core.ServletRequestContextThreadSetupAction$1.call(ServletRequestContextThreadSetupAction.java:48)
	at io.undertow.servlet.core.ContextClassLoaderSetupAction$1.call(ContextClassLoaderSetupAction.java:43)
	at io.undertow.servlet.handlers.ServletInitialHandler.dispatchRequest(ServletInitialHandler.java:272)
	at io.undertow.servlet.handlers.ServletInitialHandler.access$000(ServletInitialHandler.java:81)
	at io.undertow.servlet.handlers.ServletInitialHandler$1.handleRequest(ServletInitialHandler.java:104)
	at io.undertow.server.Connectors.executeRootHandler(Connectors.java:364)
	at io.undertow.server.HttpServerExchange$1.run(HttpServerExchange.java:830)
	at java.util.concurrent.ThreadPoolExecutor.runWorker(Unknown Source)
	at java.util.concurrent.ThreadPoolExecutor$Worker.run(Unknown Source)
	at java.lang.Thread.run(Unknown Source)
Caused by: com.mysql.jdbc.exceptions.jdbc4.MySQLSyntaxErrorException: Unknown column 'undefined' in 'where clause'
	at sun.reflect.NativeConstructorAccessorImpl.newInstance0(Native Method)
	at sun.reflect.NativeConstructorAccessorImpl.newInstance(Unknown Source)
	at sun.reflect.DelegatingConstructorAccessorImpl.newInstance(Unknown Source)
	at java.lang.reflect.Constructor.newInstance(Unknown Source)
	at com.mysql.jdbc.Util.handleNewInstance(Util.java:425)
	at com.mysql.jdbc.Util.getInstance(Util.java:408)
	at com.mysql.jdbc.SQLError.createSQLException(SQLError.java:943)
	at com.mysql.jdbc.MysqlIO.checkErrorPacket(MysqlIO.java:3973)
	at com.mysql.jdbc.MysqlIO.checkErrorPacket(MysqlIO.java:3909)
	at com.mysql.jdbc.MysqlIO.sendCommand(MysqlIO.java:2527)
	at com.mysql.jdbc.MysqlIO.sqlQueryDirect(MysqlIO.java:2680)
	at com.mysql.jdbc.ConnectionImpl.execSQL(ConnectionImpl.java:2487)
	at com.mysql.jdbc.PreparedStatement.executeInternal(PreparedStatement.java:1858)
	at com.mysql.jdbc.PreparedStatement.executeQuery(PreparedStatement.java:1966)
	at com.alibaba.druid.pool.DruidPooledPreparedStatement.executeQuery(DruidPooledPreparedStatement.java:227)
	at com.jfinal.plugin.activerecord.Model.find(Model.java:678)
	at com.jfinal.plugin.activerecord.Model.find(Model.java:688)
	... 44 more

2019-05-16 13:29:58
[ERROR]-[Thread: XNIO-2 task-40]-[com.jfinal.core.ActionHandler.handle()]: /wechat/info?studentId=undefined
com.jfinal.plugin.activerecord.ActiveRecordException: com.mysql.jdbc.exceptions.jdbc4.MySQLSyntaxErrorException: Unknown column 'undefined' in 'where clause'
	at com.jfinal.plugin.activerecord.Model.find(Model.java:690)
	at com.jfinal.plugin.activerecord.Model.find(Model.java:703)
	at com.jfinal.plugin.activerecord.Model.findFirst(Model.java:726)
	at com.jfinal.plugin.activerecord.Model.findFirst(Model.java:735)
	at com.demo.common.model.Student.findInfo(Student.java:22)
	at com.demo.admin.WechatController.info(WechatController.java:22)
	at sun.reflect.GeneratedMethodAccessor2.invoke(Unknown Source)
	at sun.reflect.DelegatingMethodAccessorImpl.invoke(Unknown Source)
	at java.lang.reflect.Method.invoke(Unknown Source)
	at com.jfinal.aop.Invocation.invoke(Invocation.java:75)
	at com.demo.common.GlobalActionInterceptor.intercept(GlobalActionInterceptor.java:22)
	at com.jfinal.aop.Invocation.invoke(Invocation.java:69)
	at com.jfinal.core.ActionHandler.handle(ActionHandler.java:81)
	at com.jfinal.core.JFinalFilter.doFilter(JFinalFilter.java:89)
	at io.undertow.servlet.core.ManagedFilter.doFilter(ManagedFilter.java:61)
	at io.undertow.servlet.handlers.FilterHandler$FilterChainImpl.doFilter(FilterHandler.java:131)
	at io.undertow.servlet.handlers.FilterHandler.handleRequest(FilterHandler.java:84)
	at io.undertow.servlet.handlers.security.ServletSecurityRoleHandler.handleRequest(ServletSecurityRoleHandler.java:62)
	at io.undertow.servlet.handlers.ServletChain$1.handleRequest(ServletChain.java:68)
	at io.undertow.servlet.handlers.ServletDispatchingHandler.handleRequest(ServletDispatchingHandler.java:36)
	at io.undertow.servlet.handlers.security.SSLInformationAssociationHandler.handleRequest(SSLInformationAssociationHandler.java:132)
	at io.undertow.servlet.handlers.security.ServletAuthenticationCallHandler.handleRequest(ServletAuthenticationCallHandler.java:57)
	at io.undertow.server.handlers.PredicateHandler.handleRequest(PredicateHandler.java:43)
	at io.undertow.security.handlers.AbstractConfidentialityHandler.handleRequest(AbstractConfidentialityHandler.java:46)
	at io.undertow.servlet.handlers.security.ServletConfidentialityConstraintHandler.handleRequest(ServletConfidentialityConstraintHandler.java:64)
	at io.undertow.security.handlers.AuthenticationMechanismsHandler.handleRequest(AuthenticationMechanismsHandler.java:60)
	at io.undertow.servlet.handlers.security.CachedAuthenticatedSessionHandler.handleRequest(CachedAuthenticatedSessionHandler.java:77)
	at io.undertow.security.handlers.AbstractSecurityContextAssociationHandler.handleRequest(AbstractSecurityContextAssociationHandler.java:43)
	at io.undertow.server.handlers.PredicateHandler.handleRequest(PredicateHandler.java:43)
	at io.undertow.server.handlers.PredicateHandler.handleRequest(PredicateHandler.java:43)
	at io.undertow.servlet.handlers.SessionRestoringHandler.handleRequest(SessionRestoringHandler.java:119)
	at io.undertow.servlet.handlers.ServletInitialHandler.handleFirstRequest(ServletInitialHandler.java:292)
	at io.undertow.servlet.handlers.ServletInitialHandler.access$100(ServletInitialHandler.java:81)
	at io.undertow.servlet.handlers.ServletInitialHandler$2.call(ServletInitialHandler.java:138)
	at io.undertow.servlet.handlers.ServletInitialHandler$2.call(ServletInitialHandler.java:135)
	at io.undertow.servlet.core.ServletRequestContextThreadSetupAction$1.call(ServletRequestContextThreadSetupAction.java:48)
	at io.undertow.servlet.core.ContextClassLoaderSetupAction$1.call(ContextClassLoaderSetupAction.java:43)
	at io.undertow.servlet.handlers.ServletInitialHandler.dispatchRequest(ServletInitialHandler.java:272)
	at io.undertow.servlet.handlers.ServletInitialHandler.access$000(ServletInitialHandler.java:81)
	at io.undertow.servlet.handlers.ServletInitialHandler$1.handleRequest(ServletInitialHandler.java:104)
	at io.undertow.server.Connectors.executeRootHandler(Connectors.java:364)
	at io.undertow.server.HttpServerExchange$1.run(HttpServerExchange.java:830)
	at java.util.concurrent.ThreadPoolExecutor.runWorker(Unknown Source)
	at java.util.concurrent.ThreadPoolExecutor$Worker.run(Unknown Source)
	at java.lang.Thread.run(Unknown Source)
Caused by: com.mysql.jdbc.exceptions.jdbc4.MySQLSyntaxErrorException: Unknown column 'undefined' in 'where clause'
	at sun.reflect.NativeConstructorAccessorImpl.newInstance0(Native Method)
	at sun.reflect.NativeConstructorAccessorImpl.newInstance(Unknown Source)
	at sun.reflect.DelegatingConstructorAccessorImpl.newInstance(Unknown Source)
	at java.lang.reflect.Constructor.newInstance(Unknown Source)
	at com.mysql.jdbc.Util.handleNewInstance(Util.java:425)
	at com.mysql.jdbc.Util.getInstance(Util.java:408)
	at com.mysql.jdbc.SQLError.createSQLException(SQLError.java:943)
	at com.mysql.jdbc.MysqlIO.checkErrorPacket(MysqlIO.java:3973)
	at com.mysql.jdbc.MysqlIO.checkErrorPacket(MysqlIO.java:3909)
	at com.mysql.jdbc.MysqlIO.sendCommand(MysqlIO.java:2527)
	at com.mysql.jdbc.MysqlIO.sqlQueryDirect(MysqlIO.java:2680)
	at com.mysql.jdbc.ConnectionImpl.execSQL(ConnectionImpl.java:2487)
	at com.mysql.jdbc.PreparedStatement.executeInternal(PreparedStatement.java:1858)
	at com.mysql.jdbc.PreparedStatement.executeQuery(PreparedStatement.java:1966)
	at com.alibaba.druid.pool.DruidPooledPreparedStatement.executeQuery(DruidPooledPreparedStatement.java:227)
	at com.jfinal.plugin.activerecord.Model.find(Model.java:678)
	at com.jfinal.plugin.activerecord.Model.find(Model.java:688)
	... 44 more

2019-05-16 13:31:46
[ERROR]-[Thread: XNIO-2 task-44]-[com.jfinal.core.ActionHandler.handle()]: /wechat/info?studentId=undefined
com.jfinal.plugin.activerecord.ActiveRecordException: com.mysql.jdbc.exceptions.jdbc4.MySQLSyntaxErrorException: Unknown column 'undefined' in 'where clause'
	at com.jfinal.plugin.activerecord.Model.find(Model.java:690)
	at com.jfinal.plugin.activerecord.Model.find(Model.java:703)
	at com.jfinal.plugin.activerecord.Model.findFirst(Model.java:726)
	at com.jfinal.plugin.activerecord.Model.findFirst(Model.java:735)
	at com.demo.common.model.Student.findInfo(Student.java:22)
	at com.demo.admin.WechatController.info(WechatController.java:22)
	at sun.reflect.GeneratedMethodAccessor2.invoke(Unknown Source)
	at sun.reflect.DelegatingMethodAccessorImpl.invoke(Unknown Source)
	at java.lang.reflect.Method.invoke(Unknown Source)
	at com.jfinal.aop.Invocation.invoke(Invocation.java:75)
	at com.demo.common.GlobalActionInterceptor.intercept(GlobalActionInterceptor.java:22)
	at com.jfinal.aop.Invocation.invoke(Invocation.java:69)
	at com.jfinal.core.ActionHandler.handle(ActionHandler.java:81)
	at com.jfinal.core.JFinalFilter.doFilter(JFinalFilter.java:89)
	at io.undertow.servlet.core.ManagedFilter.doFilter(ManagedFilter.java:61)
	at io.undertow.servlet.handlers.FilterHandler$FilterChainImpl.doFilter(FilterHandler.java:131)
	at io.undertow.servlet.handlers.FilterHandler.handleRequest(FilterHandler.java:84)
	at io.undertow.servlet.handlers.security.ServletSecurityRoleHandler.handleRequest(ServletSecurityRoleHandler.java:62)
	at io.undertow.servlet.handlers.ServletChain$1.handleRequest(ServletChain.java:68)
	at io.undertow.servlet.handlers.ServletDispatchingHandler.handleRequest(ServletDispatchingHandler.java:36)
	at io.undertow.servlet.handlers.security.SSLInformationAssociationHandler.handleRequest(SSLInformationAssociationHandler.java:132)
	at io.undertow.servlet.handlers.security.ServletAuthenticationCallHandler.handleRequest(ServletAuthenticationCallHandler.java:57)
	at io.undertow.server.handlers.PredicateHandler.handleRequest(PredicateHandler.java:43)
	at io.undertow.security.handlers.AbstractConfidentialityHandler.handleRequest(AbstractConfidentialityHandler.java:46)
	at io.undertow.servlet.handlers.security.ServletConfidentialityConstraintHandler.handleRequest(ServletConfidentialityConstraintHandler.java:64)
	at io.undertow.security.handlers.AuthenticationMechanismsHandler.handleRequest(AuthenticationMechanismsHandler.java:60)
	at io.undertow.servlet.handlers.security.CachedAuthenticatedSessionHandler.handleRequest(CachedAuthenticatedSessionHandler.java:77)
	at io.undertow.security.handlers.AbstractSecurityContextAssociationHandler.handleRequest(AbstractSecurityContextAssociationHandler.java:43)
	at io.undertow.server.handlers.PredicateHandler.handleRequest(PredicateHandler.java:43)
	at io.undertow.server.handlers.PredicateHandler.handleRequest(PredicateHandler.java:43)
	at io.undertow.servlet.handlers.SessionRestoringHandler.handleRequest(SessionRestoringHandler.java:119)
	at io.undertow.servlet.handlers.ServletInitialHandler.handleFirstRequest(ServletInitialHandler.java:292)
	at io.undertow.servlet.handlers.ServletInitialHandler.access$100(ServletInitialHandler.java:81)
	at io.undertow.servlet.handlers.ServletInitialHandler$2.call(ServletInitialHandler.java:138)
	at io.undertow.servlet.handlers.ServletInitialHandler$2.call(ServletInitialHandler.java:135)
	at io.undertow.servlet.core.ServletRequestContextThreadSetupAction$1.call(ServletRequestContextThreadSetupAction.java:48)
	at io.undertow.servlet.core.ContextClassLoaderSetupAction$1.call(ContextClassLoaderSetupAction.java:43)
	at io.undertow.servlet.handlers.ServletInitialHandler.dispatchRequest(ServletInitialHandler.java:272)
	at io.undertow.servlet.handlers.ServletInitialHandler.access$000(ServletInitialHandler.java:81)
	at io.undertow.servlet.handlers.ServletInitialHandler$1.handleRequest(ServletInitialHandler.java:104)
	at io.undertow.server.Connectors.executeRootHandler(Connectors.java:364)
	at io.undertow.server.HttpServerExchange$1.run(HttpServerExchange.java:830)
	at java.util.concurrent.ThreadPoolExecutor.runWorker(Unknown Source)
	at java.util.concurrent.ThreadPoolExecutor$Worker.run(Unknown Source)
	at java.lang.Thread.run(Unknown Source)
Caused by: com.mysql.jdbc.exceptions.jdbc4.MySQLSyntaxErrorException: Unknown column 'undefined' in 'where clause'
	at sun.reflect.NativeConstructorAccessorImpl.newInstance0(Native Method)
	at sun.reflect.NativeConstructorAccessorImpl.newInstance(Unknown Source)
	at sun.reflect.DelegatingConstructorAccessorImpl.newInstance(Unknown Source)
	at java.lang.reflect.Constructor.newInstance(Unknown Source)
	at com.mysql.jdbc.Util.handleNewInstance(Util.java:425)
	at com.mysql.jdbc.Util.getInstance(Util.java:408)
	at com.mysql.jdbc.SQLError.createSQLException(SQLError.java:943)
	at com.mysql.jdbc.MysqlIO.checkErrorPacket(MysqlIO.java:3973)
	at com.mysql.jdbc.MysqlIO.checkErrorPacket(MysqlIO.java:3909)
	at com.mysql.jdbc.MysqlIO.sendCommand(MysqlIO.java:2527)
	at com.mysql.jdbc.MysqlIO.sqlQueryDirect(MysqlIO.java:2680)
	at com.mysql.jdbc.ConnectionImpl.execSQL(ConnectionImpl.java:2487)
	at com.mysql.jdbc.PreparedStatement.executeInternal(PreparedStatement.java:1858)
	at com.mysql.jdbc.PreparedStatement.executeQuery(PreparedStatement.java:1966)
	at com.alibaba.druid.pool.DruidPooledPreparedStatement.executeQuery(DruidPooledPreparedStatement.java:227)
	at com.jfinal.plugin.activerecord.Model.find(Model.java:678)
	at com.jfinal.plugin.activerecord.Model.find(Model.java:688)
	... 44 more

2019-05-16 13:31:52
[ERROR]-[Thread: XNIO-2 task-45]-[com.jfinal.core.ActionHandler.handle()]: /wechat/signin?studentId=undefined&classId=undefined&longitude=117.51768493652344&latitude=23.73339080810547
com.jfinal.plugin.activerecord.ActiveRecordException: com.mysql.jdbc.exceptions.jdbc4.MySQLSyntaxErrorException: Unknown column 'undefined' in 'where clause'
	at com.jfinal.plugin.activerecord.Model.find(Model.java:690)
	at com.jfinal.plugin.activerecord.Model.find(Model.java:703)
	at com.jfinal.plugin.activerecord.Model.findFirst(Model.java:726)
	at com.jfinal.plugin.activerecord.Model.findFirst(Model.java:735)
	at com.demo.common.model.Attendance.findLastAtendanceId(Attendance.java:82)
	at com.demo.admin.WechatController.signin(WechatController.java:39)
	at sun.reflect.NativeMethodAccessorImpl.invoke0(Native Method)
	at sun.reflect.NativeMethodAccessorImpl.invoke(Unknown Source)
	at sun.reflect.DelegatingMethodAccessorImpl.invoke(Unknown Source)
	at java.lang.reflect.Method.invoke(Unknown Source)
	at com.jfinal.aop.Invocation.invoke(Invocation.java:75)
	at com.demo.common.GlobalActionInterceptor.intercept(GlobalActionInterceptor.java:22)
	at com.jfinal.aop.Invocation.invoke(Invocation.java:69)
	at com.jfinal.core.ActionHandler.handle(ActionHandler.java:81)
	at com.jfinal.core.JFinalFilter.doFilter(JFinalFilter.java:89)
	at io.undertow.servlet.core.ManagedFilter.doFilter(ManagedFilter.java:61)
	at io.undertow.servlet.handlers.FilterHandler$FilterChainImpl.doFilter(FilterHandler.java:131)
	at io.undertow.servlet.handlers.FilterHandler.handleRequest(FilterHandler.java:84)
	at io.undertow.servlet.handlers.security.ServletSecurityRoleHandler.handleRequest(ServletSecurityRoleHandler.java:62)
	at io.undertow.servlet.handlers.ServletChain$1.handleRequest(ServletChain.java:68)
	at io.undertow.servlet.handlers.ServletDispatchingHandler.handleRequest(ServletDispatchingHandler.java:36)
	at io.undertow.servlet.handlers.security.SSLInformationAssociationHandler.handleRequest(SSLInformationAssociationHandler.java:132)
	at io.undertow.servlet.handlers.security.ServletAuthenticationCallHandler.handleRequest(ServletAuthenticationCallHandler.java:57)
	at io.undertow.server.handlers.PredicateHandler.handleRequest(PredicateHandler.java:43)
	at io.undertow.security.handlers.AbstractConfidentialityHandler.handleRequest(AbstractConfidentialityHandler.java:46)
	at io.undertow.servlet.handlers.security.ServletConfidentialityConstraintHandler.handleRequest(ServletConfidentialityConstraintHandler.java:64)
	at io.undertow.security.handlers.AuthenticationMechanismsHandler.handleRequest(AuthenticationMechanismsHandler.java:60)
	at io.undertow.servlet.handlers.security.CachedAuthenticatedSessionHandler.handleRequest(CachedAuthenticatedSessionHandler.java:77)
	at io.undertow.security.handlers.AbstractSecurityContextAssociationHandler.handleRequest(AbstractSecurityContextAssociationHandler.java:43)
	at io.undertow.server.handlers.PredicateHandler.handleRequest(PredicateHandler.java:43)
	at io.undertow.server.handlers.PredicateHandler.handleRequest(PredicateHandler.java:43)
	at io.undertow.servlet.handlers.SessionRestoringHandler.handleRequest(SessionRestoringHandler.java:119)
	at io.undertow.servlet.handlers.ServletInitialHandler.handleFirstRequest(ServletInitialHandler.java:292)
	at io.undertow.servlet.handlers.ServletInitialHandler.access$100(ServletInitialHandler.java:81)
	at io.undertow.servlet.handlers.ServletInitialHandler$2.call(ServletInitialHandler.java:138)
	at io.undertow.servlet.handlers.ServletInitialHandler$2.call(ServletInitialHandler.java:135)
	at io.undertow.servlet.core.ServletRequestContextThreadSetupAction$1.call(ServletRequestContextThreadSetupAction.java:48)
	at io.undertow.servlet.core.ContextClassLoaderSetupAction$1.call(ContextClassLoaderSetupAction.java:43)
	at io.undertow.servlet.handlers.ServletInitialHandler.dispatchRequest(ServletInitialHandler.java:272)
	at io.undertow.servlet.handlers.ServletInitialHandler.access$000(ServletInitialHandler.java:81)
	at io.undertow.servlet.handlers.ServletInitialHandler$1.handleRequest(ServletInitialHandler.java:104)
	at io.undertow.server.Connectors.executeRootHandler(Connectors.java:364)
	at io.undertow.server.HttpServerExchange$1.run(HttpServerExchange.java:830)
	at java.util.concurrent.ThreadPoolExecutor.runWorker(Unknown Source)
	at java.util.concurrent.ThreadPoolExecutor$Worker.run(Unknown Source)
	at java.lang.Thread.run(Unknown Source)
Caused by: com.mysql.jdbc.exceptions.jdbc4.MySQLSyntaxErrorException: Unknown column 'undefined' in 'where clause'
	at sun.reflect.NativeConstructorAccessorImpl.newInstance0(Native Method)
	at sun.reflect.NativeConstructorAccessorImpl.newInstance(Unknown Source)
	at sun.reflect.DelegatingConstructorAccessorImpl.newInstance(Unknown Source)
	at java.lang.reflect.Constructor.newInstance(Unknown Source)
	at com.mysql.jdbc.Util.handleNewInstance(Util.java:425)
	at com.mysql.jdbc.Util.getInstance(Util.java:408)
	at com.mysql.jdbc.SQLError.createSQLException(SQLError.java:943)
	at com.mysql.jdbc.MysqlIO.checkErrorPacket(MysqlIO.java:3973)
	at com.mysql.jdbc.MysqlIO.checkErrorPacket(MysqlIO.java:3909)
	at com.mysql.jdbc.MysqlIO.sendCommand(MysqlIO.java:2527)
	at com.mysql.jdbc.MysqlIO.sqlQueryDirect(MysqlIO.java:2680)
	at com.mysql.jdbc.ConnectionImpl.execSQL(ConnectionImpl.java:2487)
	at com.mysql.jdbc.PreparedStatement.executeInternal(PreparedStatement.java:1858)
	at com.mysql.jdbc.PreparedStatement.executeQuery(PreparedStatement.java:1966)
	at com.alibaba.druid.pool.DruidPooledPreparedStatement.executeQuery(DruidPooledPreparedStatement.java:227)
	at com.jfinal.plugin.activerecord.Model.find(Model.java:678)
	at com.jfinal.plugin.activerecord.Model.find(Model.java:688)
	... 45 more

2019-05-16 13:31:59
[ERROR]-[Thread: XNIO-2 task-46]-[com.jfinal.core.ActionHandler.handle()]: /wechat/signin?studentId=undefined&classId=undefined&longitude=117.51768493652344&latitude=23.73339080810547
com.jfinal.plugin.activerecord.ActiveRecordException: com.mysql.jdbc.exceptions.jdbc4.MySQLSyntaxErrorException: Unknown column 'undefined' in 'where clause'
	at com.jfinal.plugin.activerecord.Model.find(Model.java:690)
	at com.jfinal.plugin.activerecord.Model.find(Model.java:703)
	at com.jfinal.plugin.activerecord.Model.findFirst(Model.java:726)
	at com.jfinal.plugin.activerecord.Model.findFirst(Model.java:735)
	at com.demo.common.model.Attendance.findLastAtendanceId(Attendance.java:82)
	at com.demo.admin.WechatController.signin(WechatController.java:39)
	at sun.reflect.NativeMethodAccessorImpl.invoke0(Native Method)
	at sun.reflect.NativeMethodAccessorImpl.invoke(Unknown Source)
	at sun.reflect.DelegatingMethodAccessorImpl.invoke(Unknown Source)
	at java.lang.reflect.Method.invoke(Unknown Source)
	at com.jfinal.aop.Invocation.invoke(Invocation.java:75)
	at com.demo.common.GlobalActionInterceptor.intercept(GlobalActionInterceptor.java:22)
	at com.jfinal.aop.Invocation.invoke(Invocation.java:69)
	at com.jfinal.core.ActionHandler.handle(ActionHandler.java:81)
	at com.jfinal.core.JFinalFilter.doFilter(JFinalFilter.java:89)
	at io.undertow.servlet.core.ManagedFilter.doFilter(ManagedFilter.java:61)
	at io.undertow.servlet.handlers.FilterHandler$FilterChainImpl.doFilter(FilterHandler.java:131)
	at io.undertow.servlet.handlers.FilterHandler.handleRequest(FilterHandler.java:84)
	at io.undertow.servlet.handlers.security.ServletSecurityRoleHandler.handleRequest(ServletSecurityRoleHandler.java:62)
	at io.undertow.servlet.handlers.ServletChain$1.handleRequest(ServletChain.java:68)
	at io.undertow.servlet.handlers.ServletDispatchingHandler.handleRequest(ServletDispatchingHandler.java:36)
	at io.undertow.servlet.handlers.security.SSLInformationAssociationHandler.handleRequest(SSLInformationAssociationHandler.java:132)
	at io.undertow.servlet.handlers.security.ServletAuthenticationCallHandler.handleRequest(ServletAuthenticationCallHandler.java:57)
	at io.undertow.server.handlers.PredicateHandler.handleRequest(PredicateHandler.java:43)
	at io.undertow.security.handlers.AbstractConfidentialityHandler.handleRequest(AbstractConfidentialityHandler.java:46)
	at io.undertow.servlet.handlers.security.ServletConfidentialityConstraintHandler.handleRequest(ServletConfidentialityConstraintHandler.java:64)
	at io.undertow.security.handlers.AuthenticationMechanismsHandler.handleRequest(AuthenticationMechanismsHandler.java:60)
	at io.undertow.servlet.handlers.security.CachedAuthenticatedSessionHandler.handleRequest(CachedAuthenticatedSessionHandler.java:77)
	at io.undertow.security.handlers.AbstractSecurityContextAssociationHandler.handleRequest(AbstractSecurityContextAssociationHandler.java:43)
	at io.undertow.server.handlers.PredicateHandler.handleRequest(PredicateHandler.java:43)
	at io.undertow.server.handlers.PredicateHandler.handleRequest(PredicateHandler.java:43)
	at io.undertow.servlet.handlers.SessionRestoringHandler.handleRequest(SessionRestoringHandler.java:119)
	at io.undertow.servlet.handlers.ServletInitialHandler.handleFirstRequest(ServletInitialHandler.java:292)
	at io.undertow.servlet.handlers.ServletInitialHandler.access$100(ServletInitialHandler.java:81)
	at io.undertow.servlet.handlers.ServletInitialHandler$2.call(ServletInitialHandler.java:138)
	at io.undertow.servlet.handlers.ServletInitialHandler$2.call(ServletInitialHandler.java:135)
	at io.undertow.servlet.core.ServletRequestContextThreadSetupAction$1.call(ServletRequestContextThreadSetupAction.java:48)
	at io.undertow.servlet.core.ContextClassLoaderSetupAction$1.call(ContextClassLoaderSetupAction.java:43)
	at io.undertow.servlet.handlers.ServletInitialHandler.dispatchRequest(ServletInitialHandler.java:272)
	at io.undertow.servlet.handlers.ServletInitialHandler.access$000(ServletInitialHandler.java:81)
	at io.undertow.servlet.handlers.ServletInitialHandler$1.handleRequest(ServletInitialHandler.java:104)
	at io.undertow.server.Connectors.executeRootHandler(Connectors.java:364)
	at io.undertow.server.HttpServerExchange$1.run(HttpServerExchange.java:830)
	at java.util.concurrent.ThreadPoolExecutor.runWorker(Unknown Source)
	at java.util.concurrent.ThreadPoolExecutor$Worker.run(Unknown Source)
	at java.lang.Thread.run(Unknown Source)
Caused by: com.mysql.jdbc.exceptions.jdbc4.MySQLSyntaxErrorException: Unknown column 'undefined' in 'where clause'
	at sun.reflect.NativeConstructorAccessorImpl.newInstance0(Native Method)
	at sun.reflect.NativeConstructorAccessorImpl.newInstance(Unknown Source)
	at sun.reflect.DelegatingConstructorAccessorImpl.newInstance(Unknown Source)
	at java.lang.reflect.Constructor.newInstance(Unknown Source)
	at com.mysql.jdbc.Util.handleNewInstance(Util.java:425)
	at com.mysql.jdbc.Util.getInstance(Util.java:408)
	at com.mysql.jdbc.SQLError.createSQLException(SQLError.java:943)
	at com.mysql.jdbc.MysqlIO.checkErrorPacket(MysqlIO.java:3973)
	at com.mysql.jdbc.MysqlIO.checkErrorPacket(MysqlIO.java:3909)
	at com.mysql.jdbc.MysqlIO.sendCommand(MysqlIO.java:2527)
	at com.mysql.jdbc.MysqlIO.sqlQueryDirect(MysqlIO.java:2680)
	at com.mysql.jdbc.ConnectionImpl.execSQL(ConnectionImpl.java:2487)
	at com.mysql.jdbc.PreparedStatement.executeInternal(PreparedStatement.java:1858)
	at com.mysql.jdbc.PreparedStatement.executeQuery(PreparedStatement.java:1966)
	at com.alibaba.druid.pool.DruidPooledPreparedStatement.executeQuery(DruidPooledPreparedStatement.java:227)
	at com.jfinal.plugin.activerecord.Model.find(Model.java:678)
	at com.jfinal.plugin.activerecord.Model.find(Model.java:688)
	... 45 more

2019-05-16 13:34:37
[ERROR]-[Thread: XNIO-2 task-50]-[com.jfinal.core.ActionHandler.handle()]: /wechat/info?studentId=undefined
com.jfinal.plugin.activerecord.ActiveRecordException: com.mysql.jdbc.exceptions.jdbc4.MySQLSyntaxErrorException: Unknown column 'undefined' in 'where clause'
	at com.jfinal.plugin.activerecord.Model.find(Model.java:690)
	at com.jfinal.plugin.activerecord.Model.find(Model.java:703)
	at com.jfinal.plugin.activerecord.Model.findFirst(Model.java:726)
	at com.jfinal.plugin.activerecord.Model.findFirst(Model.java:735)
	at com.demo.common.model.Student.findInfo(Student.java:22)
	at com.demo.admin.WechatController.info(WechatController.java:22)
	at sun.reflect.GeneratedMethodAccessor2.invoke(Unknown Source)
	at sun.reflect.DelegatingMethodAccessorImpl.invoke(Unknown Source)
	at java.lang.reflect.Method.invoke(Unknown Source)
	at com.jfinal.aop.Invocation.invoke(Invocation.java:75)
	at com.demo.common.GlobalActionInterceptor.intercept(GlobalActionInterceptor.java:22)
	at com.jfinal.aop.Invocation.invoke(Invocation.java:69)
	at com.jfinal.core.ActionHandler.handle(ActionHandler.java:81)
	at com.jfinal.core.JFinalFilter.doFilter(JFinalFilter.java:89)
	at io.undertow.servlet.core.ManagedFilter.doFilter(ManagedFilter.java:61)
	at io.undertow.servlet.handlers.FilterHandler$FilterChainImpl.doFilter(FilterHandler.java:131)
	at io.undertow.servlet.handlers.FilterHandler.handleRequest(FilterHandler.java:84)
	at io.undertow.servlet.handlers.security.ServletSecurityRoleHandler.handleRequest(ServletSecurityRoleHandler.java:62)
	at io.undertow.servlet.handlers.ServletChain$1.handleRequest(ServletChain.java:68)
	at io.undertow.servlet.handlers.ServletDispatchingHandler.handleRequest(ServletDispatchingHandler.java:36)
	at io.undertow.servlet.handlers.security.SSLInformationAssociationHandler.handleRequest(SSLInformationAssociationHandler.java:132)
	at io.undertow.servlet.handlers.security.ServletAuthenticationCallHandler.handleRequest(ServletAuthenticationCallHandler.java:57)
	at io.undertow.server.handlers.PredicateHandler.handleRequest(PredicateHandler.java:43)
	at io.undertow.security.handlers.AbstractConfidentialityHandler.handleRequest(AbstractConfidentialityHandler.java:46)
	at io.undertow.servlet.handlers.security.ServletConfidentialityConstraintHandler.handleRequest(ServletConfidentialityConstraintHandler.java:64)
	at io.undertow.security.handlers.AuthenticationMechanismsHandler.handleRequest(AuthenticationMechanismsHandler.java:60)
	at io.undertow.servlet.handlers.security.CachedAuthenticatedSessionHandler.handleRequest(CachedAuthenticatedSessionHandler.java:77)
	at io.undertow.security.handlers.AbstractSecurityContextAssociationHandler.handleRequest(AbstractSecurityContextAssociationHandler.java:43)
	at io.undertow.server.handlers.PredicateHandler.handleRequest(PredicateHandler.java:43)
	at io.undertow.server.handlers.PredicateHandler.handleRequest(PredicateHandler.java:43)
	at io.undertow.servlet.handlers.SessionRestoringHandler.handleRequest(SessionRestoringHandler.java:119)
	at io.undertow.servlet.handlers.ServletInitialHandler.handleFirstRequest(ServletInitialHandler.java:292)
	at io.undertow.servlet.handlers.ServletInitialHandler.access$100(ServletInitialHandler.java:81)
	at io.undertow.servlet.handlers.ServletInitialHandler$2.call(ServletInitialHandler.java:138)
	at io.undertow.servlet.handlers.ServletInitialHandler$2.call(ServletInitialHandler.java:135)
	at io.undertow.servlet.core.ServletRequestContextThreadSetupAction$1.call(ServletRequestContextThreadSetupAction.java:48)
	at io.undertow.servlet.core.ContextClassLoaderSetupAction$1.call(ContextClassLoaderSetupAction.java:43)
	at io.undertow.servlet.handlers.ServletInitialHandler.dispatchRequest(ServletInitialHandler.java:272)
	at io.undertow.servlet.handlers.ServletInitialHandler.access$000(ServletInitialHandler.java:81)
	at io.undertow.servlet.handlers.ServletInitialHandler$1.handleRequest(ServletInitialHandler.java:104)
	at io.undertow.server.Connectors.executeRootHandler(Connectors.java:364)
	at io.undertow.server.HttpServerExchange$1.run(HttpServerExchange.java:830)
	at java.util.concurrent.ThreadPoolExecutor.runWorker(Unknown Source)
	at java.util.concurrent.ThreadPoolExecutor$Worker.run(Unknown Source)
	at java.lang.Thread.run(Unknown Source)
Caused by: com.mysql.jdbc.exceptions.jdbc4.MySQLSyntaxErrorException: Unknown column 'undefined' in 'where clause'
	at sun.reflect.NativeConstructorAccessorImpl.newInstance0(Native Method)
	at sun.reflect.NativeConstructorAccessorImpl.newInstance(Unknown Source)
	at sun.reflect.DelegatingConstructorAccessorImpl.newInstance(Unknown Source)
	at java.lang.reflect.Constructor.newInstance(Unknown Source)
	at com.mysql.jdbc.Util.handleNewInstance(Util.java:425)
	at com.mysql.jdbc.Util.getInstance(Util.java:408)
	at com.mysql.jdbc.SQLError.createSQLException(SQLError.java:943)
	at com.mysql.jdbc.MysqlIO.checkErrorPacket(MysqlIO.java:3973)
	at com.mysql.jdbc.MysqlIO.checkErrorPacket(MysqlIO.java:3909)
	at com.mysql.jdbc.MysqlIO.sendCommand(MysqlIO.java:2527)
	at com.mysql.jdbc.MysqlIO.sqlQueryDirect(MysqlIO.java:2680)
	at com.mysql.jdbc.ConnectionImpl.execSQL(ConnectionImpl.java:2487)
	at com.mysql.jdbc.PreparedStatement.executeInternal(PreparedStatement.java:1858)
	at com.mysql.jdbc.PreparedStatement.executeQuery(PreparedStatement.java:1966)
	at com.alibaba.druid.pool.DruidPooledPreparedStatement.executeQuery(DruidPooledPreparedStatement.java:227)
	at com.jfinal.plugin.activerecord.Model.find(Model.java:678)
	at com.jfinal.plugin.activerecord.Model.find(Model.java:688)
	... 44 more

2019-05-16 13:35:00
[ERROR]-[Thread: XNIO-2 task-52]-[com.jfinal.core.ActionHandler.handle()]: /wechat/signin?studentId=undefined&classId=undefined&longitude=117.51764678955078&latitude=23.73345375061035
com.jfinal.plugin.activerecord.ActiveRecordException: com.mysql.jdbc.exceptions.jdbc4.MySQLSyntaxErrorException: Unknown column 'undefined' in 'where clause'
	at com.jfinal.plugin.activerecord.Model.find(Model.java:690)
	at com.jfinal.plugin.activerecord.Model.find(Model.java:703)
	at com.jfinal.plugin.activerecord.Model.findFirst(Model.java:726)
	at com.jfinal.plugin.activerecord.Model.findFirst(Model.java:735)
	at com.demo.common.model.Attendance.findLastAtendanceId(Attendance.java:82)
	at com.demo.admin.WechatController.signin(WechatController.java:39)
	at sun.reflect.NativeMethodAccessorImpl.invoke0(Native Method)
	at sun.reflect.NativeMethodAccessorImpl.invoke(Unknown Source)
	at sun.reflect.DelegatingMethodAccessorImpl.invoke(Unknown Source)
	at java.lang.reflect.Method.invoke(Unknown Source)
	at com.jfinal.aop.Invocation.invoke(Invocation.java:75)
	at com.demo.common.GlobalActionInterceptor.intercept(GlobalActionInterceptor.java:22)
	at com.jfinal.aop.Invocation.invoke(Invocation.java:69)
	at com.jfinal.core.ActionHandler.handle(ActionHandler.java:81)
	at com.jfinal.core.JFinalFilter.doFilter(JFinalFilter.java:89)
	at io.undertow.servlet.core.ManagedFilter.doFilter(ManagedFilter.java:61)
	at io.undertow.servlet.handlers.FilterHandler$FilterChainImpl.doFilter(FilterHandler.java:131)
	at io.undertow.servlet.handlers.FilterHandler.handleRequest(FilterHandler.java:84)
	at io.undertow.servlet.handlers.security.ServletSecurityRoleHandler.handleRequest(ServletSecurityRoleHandler.java:62)
	at io.undertow.servlet.handlers.ServletChain$1.handleRequest(ServletChain.java:68)
	at io.undertow.servlet.handlers.ServletDispatchingHandler.handleRequest(ServletDispatchingHandler.java:36)
	at io.undertow.servlet.handlers.security.SSLInformationAssociationHandler.handleRequest(SSLInformationAssociationHandler.java:132)
	at io.undertow.servlet.handlers.security.ServletAuthenticationCallHandler.handleRequest(ServletAuthenticationCallHandler.java:57)
	at io.undertow.server.handlers.PredicateHandler.handleRequest(PredicateHandler.java:43)
	at io.undertow.security.handlers.AbstractConfidentialityHandler.handleRequest(AbstractConfidentialityHandler.java:46)
	at io.undertow.servlet.handlers.security.ServletConfidentialityConstraintHandler.handleRequest(ServletConfidentialityConstraintHandler.java:64)
	at io.undertow.security.handlers.AuthenticationMechanismsHandler.handleRequest(AuthenticationMechanismsHandler.java:60)
	at io.undertow.servlet.handlers.security.CachedAuthenticatedSessionHandler.handleRequest(CachedAuthenticatedSessionHandler.java:77)
	at io.undertow.security.handlers.AbstractSecurityContextAssociationHandler.handleRequest(AbstractSecurityContextAssociationHandler.java:43)
	at io.undertow.server.handlers.PredicateHandler.handleRequest(PredicateHandler.java:43)
	at io.undertow.server.handlers.PredicateHandler.handleRequest(PredicateHandler.java:43)
	at io.undertow.servlet.handlers.SessionRestoringHandler.handleRequest(SessionRestoringHandler.java:119)
	at io.undertow.servlet.handlers.ServletInitialHandler.handleFirstRequest(ServletInitialHandler.java:292)
	at io.undertow.servlet.handlers.ServletInitialHandler.access$100(ServletInitialHandler.java:81)
	at io.undertow.servlet.handlers.ServletInitialHandler$2.call(ServletInitialHandler.java:138)
	at io.undertow.servlet.handlers.ServletInitialHandler$2.call(ServletInitialHandler.java:135)
	at io.undertow.servlet.core.ServletRequestContextThreadSetupAction$1.call(ServletRequestContextThreadSetupAction.java:48)
	at io.undertow.servlet.core.ContextClassLoaderSetupAction$1.call(ContextClassLoaderSetupAction.java:43)
	at io.undertow.servlet.handlers.ServletInitialHandler.dispatchRequest(ServletInitialHandler.java:272)
	at io.undertow.servlet.handlers.ServletInitialHandler.access$000(ServletInitialHandler.java:81)
	at io.undertow.servlet.handlers.ServletInitialHandler$1.handleRequest(ServletInitialHandler.java:104)
	at io.undertow.server.Connectors.executeRootHandler(Connectors.java:364)
	at io.undertow.server.HttpServerExchange$1.run(HttpServerExchange.java:830)
	at java.util.concurrent.ThreadPoolExecutor.runWorker(Unknown Source)
	at java.util.concurrent.ThreadPoolExecutor$Worker.run(Unknown Source)
	at java.lang.Thread.run(Unknown Source)
Caused by: com.mysql.jdbc.exceptions.jdbc4.MySQLSyntaxErrorException: Unknown column 'undefined' in 'where clause'
	at sun.reflect.NativeConstructorAccessorImpl.newInstance0(Native Method)
	at sun.reflect.NativeConstructorAccessorImpl.newInstance(Unknown Source)
	at sun.reflect.DelegatingConstructorAccessorImpl.newInstance(Unknown Source)
	at java.lang.reflect.Constructor.newInstance(Unknown Source)
	at com.mysql.jdbc.Util.handleNewInstance(Util.java:425)
	at com.mysql.jdbc.Util.getInstance(Util.java:408)
	at com.mysql.jdbc.SQLError.createSQLException(SQLError.java:943)
	at com.mysql.jdbc.MysqlIO.checkErrorPacket(MysqlIO.java:3973)
	at com.mysql.jdbc.MysqlIO.checkErrorPacket(MysqlIO.java:3909)
	at com.mysql.jdbc.MysqlIO.sendCommand(MysqlIO.java:2527)
	at com.mysql.jdbc.MysqlIO.sqlQueryDirect(MysqlIO.java:2680)
	at com.mysql.jdbc.ConnectionImpl.execSQL(ConnectionImpl.java:2487)
	at com.mysql.jdbc.PreparedStatement.executeInternal(PreparedStatement.java:1858)
	at com.mysql.jdbc.PreparedStatement.executeQuery(PreparedStatement.java:1966)
	at com.alibaba.druid.pool.DruidPooledPreparedStatement.executeQuery(DruidPooledPreparedStatement.java:227)
	at com.jfinal.plugin.activerecord.Model.find(Model.java:678)
	at com.jfinal.plugin.activerecord.Model.find(Model.java:688)
	... 45 more

2019-05-16 14:01:44
[ERROR]-[Thread: XNIO-2 task-31]-[com.jfinal.core.ActionHandler.handle()]: /wechat/info?studentId=undefined
com.jfinal.plugin.activerecord.ActiveRecordException: com.mysql.jdbc.exceptions.jdbc4.MySQLSyntaxErrorException: Unknown column 'undefined' in 'where clause'
	at com.jfinal.plugin.activerecord.Model.find(Model.java:690)
	at com.jfinal.plugin.activerecord.Model.find(Model.java:703)
	at com.jfinal.plugin.activerecord.Model.findFirst(Model.java:726)
	at com.jfinal.plugin.activerecord.Model.findFirst(Model.java:735)
	at com.demo.common.model.Student.findInfo(Student.java:22)
	at com.demo.admin.WechatController.info(WechatController.java:22)
	at sun.reflect.GeneratedMethodAccessor2.invoke(Unknown Source)
	at sun.reflect.DelegatingMethodAccessorImpl.invoke(Unknown Source)
	at java.lang.reflect.Method.invoke(Unknown Source)
	at com.jfinal.aop.Invocation.invoke(Invocation.java:75)
	at com.demo.common.GlobalActionInterceptor.intercept(GlobalActionInterceptor.java:22)
	at com.jfinal.aop.Invocation.invoke(Invocation.java:69)
	at com.jfinal.core.ActionHandler.handle(ActionHandler.java:81)
	at com.jfinal.core.JFinalFilter.doFilter(JFinalFilter.java:89)
	at io.undertow.servlet.core.ManagedFilter.doFilter(ManagedFilter.java:61)
	at io.undertow.servlet.handlers.FilterHandler$FilterChainImpl.doFilter(FilterHandler.java:131)
	at io.undertow.servlet.handlers.FilterHandler.handleRequest(FilterHandler.java:84)
	at io.undertow.servlet.handlers.security.ServletSecurityRoleHandler.handleRequest(ServletSecurityRoleHandler.java:62)
	at io.undertow.servlet.handlers.ServletChain$1.handleRequest(ServletChain.java:68)
	at io.undertow.servlet.handlers.ServletDispatchingHandler.handleRequest(ServletDispatchingHandler.java:36)
	at io.undertow.servlet.handlers.security.SSLInformationAssociationHandler.handleRequest(SSLInformationAssociationHandler.java:132)
	at io.undertow.servlet.handlers.security.ServletAuthenticationCallHandler.handleRequest(ServletAuthenticationCallHandler.java:57)
	at io.undertow.server.handlers.PredicateHandler.handleRequest(PredicateHandler.java:43)
	at io.undertow.security.handlers.AbstractConfidentialityHandler.handleRequest(AbstractConfidentialityHandler.java:46)
	at io.undertow.servlet.handlers.security.ServletConfidentialityConstraintHandler.handleRequest(ServletConfidentialityConstraintHandler.java:64)
	at io.undertow.security.handlers.AuthenticationMechanismsHandler.handleRequest(AuthenticationMechanismsHandler.java:60)
	at io.undertow.servlet.handlers.security.CachedAuthenticatedSessionHandler.handleRequest(CachedAuthenticatedSessionHandler.java:77)
	at io.undertow.security.handlers.AbstractSecurityContextAssociationHandler.handleRequest(AbstractSecurityContextAssociationHandler.java:43)
	at io.undertow.server.handlers.PredicateHandler.handleRequest(PredicateHandler.java:43)
	at io.undertow.server.handlers.PredicateHandler.handleRequest(PredicateHandler.java:43)
	at io.undertow.servlet.handlers.SessionRestoringHandler.handleRequest(SessionRestoringHandler.java:119)
	at io.undertow.servlet.handlers.ServletInitialHandler.handleFirstRequest(ServletInitialHandler.java:292)
	at io.undertow.servlet.handlers.ServletInitialHandler.access$100(ServletInitialHandler.java:81)
	at io.undertow.servlet.handlers.ServletInitialHandler$2.call(ServletInitialHandler.java:138)
	at io.undertow.servlet.handlers.ServletInitialHandler$2.call(ServletInitialHandler.java:135)
	at io.undertow.servlet.core.ServletRequestContextThreadSetupAction$1.call(ServletRequestContextThreadSetupAction.java:48)
	at io.undertow.servlet.core.ContextClassLoaderSetupAction$1.call(ContextClassLoaderSetupAction.java:43)
	at io.undertow.servlet.handlers.ServletInitialHandler.dispatchRequest(ServletInitialHandler.java:272)
	at io.undertow.servlet.handlers.ServletInitialHandler.access$000(ServletInitialHandler.java:81)
	at io.undertow.servlet.handlers.ServletInitialHandler$1.handleRequest(ServletInitialHandler.java:104)
	at io.undertow.server.Connectors.executeRootHandler(Connectors.java:364)
	at io.undertow.server.HttpServerExchange$1.run(HttpServerExchange.java:830)
	at java.util.concurrent.ThreadPoolExecutor.runWorker(Unknown Source)
	at java.util.concurrent.ThreadPoolExecutor$Worker.run(Unknown Source)
	at java.lang.Thread.run(Unknown Source)
Caused by: com.mysql.jdbc.exceptions.jdbc4.MySQLSyntaxErrorException: Unknown column 'undefined' in 'where clause'
	at sun.reflect.NativeConstructorAccessorImpl.newInstance0(Native Method)
	at sun.reflect.NativeConstructorAccessorImpl.newInstance(Unknown Source)
	at sun.reflect.DelegatingConstructorAccessorImpl.newInstance(Unknown Source)
	at java.lang.reflect.Constructor.newInstance(Unknown Source)
	at com.mysql.jdbc.Util.handleNewInstance(Util.java:425)
	at com.mysql.jdbc.Util.getInstance(Util.java:408)
	at com.mysql.jdbc.SQLError.createSQLException(SQLError.java:943)
	at com.mysql.jdbc.MysqlIO.checkErrorPacket(MysqlIO.java:3973)
	at com.mysql.jdbc.MysqlIO.checkErrorPacket(MysqlIO.java:3909)
	at com.mysql.jdbc.MysqlIO.sendCommand(MysqlIO.java:2527)
	at com.mysql.jdbc.MysqlIO.sqlQueryDirect(MysqlIO.java:2680)
	at com.mysql.jdbc.ConnectionImpl.execSQL(ConnectionImpl.java:2487)
	at com.mysql.jdbc.PreparedStatement.executeInternal(PreparedStatement.java:1858)
	at com.mysql.jdbc.PreparedStatement.executeQuery(PreparedStatement.java:1966)
	at com.alibaba.druid.pool.DruidPooledPreparedStatement.executeQuery(DruidPooledPreparedStatement.java:227)
	at com.jfinal.plugin.activerecord.Model.find(Model.java:678)
	at com.jfinal.plugin.activerecord.Model.find(Model.java:688)
	... 44 more

2019-05-16 14:02:09
[ERROR]-[Thread: XNIO-2 task-32]-[com.jfinal.core.ActionHandler.handle()]: /wechat/signin?studentId=undefined&classId=undefined&longitude=117.51769256591797&latitude=23.733579635620117
com.jfinal.plugin.activerecord.ActiveRecordException: com.mysql.jdbc.exceptions.jdbc4.MySQLSyntaxErrorException: Unknown column 'undefined' in 'where clause'
	at com.jfinal.plugin.activerecord.Model.find(Model.java:690)
	at com.jfinal.plugin.activerecord.Model.find(Model.java:703)
	at com.jfinal.plugin.activerecord.Model.findFirst(Model.java:726)
	at com.jfinal.plugin.activerecord.Model.findFirst(Model.java:735)
	at com.demo.common.model.Attendance.findLastAtendanceId(Attendance.java:82)
	at com.demo.admin.WechatController.signin(WechatController.java:39)
	at sun.reflect.NativeMethodAccessorImpl.invoke0(Native Method)
	at sun.reflect.NativeMethodAccessorImpl.invoke(Unknown Source)
	at sun.reflect.DelegatingMethodAccessorImpl.invoke(Unknown Source)
	at java.lang.reflect.Method.invoke(Unknown Source)
	at com.jfinal.aop.Invocation.invoke(Invocation.java:75)
	at com.demo.common.GlobalActionInterceptor.intercept(GlobalActionInterceptor.java:22)
	at com.jfinal.aop.Invocation.invoke(Invocation.java:69)
	at com.jfinal.core.ActionHandler.handle(ActionHandler.java:81)
	at com.jfinal.core.JFinalFilter.doFilter(JFinalFilter.java:89)
	at io.undertow.servlet.core.ManagedFilter.doFilter(ManagedFilter.java:61)
	at io.undertow.servlet.handlers.FilterHandler$FilterChainImpl.doFilter(FilterHandler.java:131)
	at io.undertow.servlet.handlers.FilterHandler.handleRequest(FilterHandler.java:84)
	at io.undertow.servlet.handlers.security.ServletSecurityRoleHandler.handleRequest(ServletSecurityRoleHandler.java:62)
	at io.undertow.servlet.handlers.ServletChain$1.handleRequest(ServletChain.java:68)
	at io.undertow.servlet.handlers.ServletDispatchingHandler.handleRequest(ServletDispatchingHandler.java:36)
	at io.undertow.servlet.handlers.security.SSLInformationAssociationHandler.handleRequest(SSLInformationAssociationHandler.java:132)
	at io.undertow.servlet.handlers.security.ServletAuthenticationCallHandler.handleRequest(ServletAuthenticationCallHandler.java:57)
	at io.undertow.server.handlers.PredicateHandler.handleRequest(PredicateHandler.java:43)
	at io.undertow.security.handlers.AbstractConfidentialityHandler.handleRequest(AbstractConfidentialityHandler.java:46)
	at io.undertow.servlet.handlers.security.ServletConfidentialityConstraintHandler.handleRequest(ServletConfidentialityConstraintHandler.java:64)
	at io.undertow.security.handlers.AuthenticationMechanismsHandler.handleRequest(AuthenticationMechanismsHandler.java:60)
	at io.undertow.servlet.handlers.security.CachedAuthenticatedSessionHandler.handleRequest(CachedAuthenticatedSessionHandler.java:77)
	at io.undertow.security.handlers.AbstractSecurityContextAssociationHandler.handleRequest(AbstractSecurityContextAssociationHandler.java:43)
	at io.undertow.server.handlers.PredicateHandler.handleRequest(PredicateHandler.java:43)
	at io.undertow.server.handlers.PredicateHandler.handleRequest(PredicateHandler.java:43)
	at io.undertow.servlet.handlers.SessionRestoringHandler.handleRequest(SessionRestoringHandler.java:119)
	at io.undertow.servlet.handlers.ServletInitialHandler.handleFirstRequest(ServletInitialHandler.java:292)
	at io.undertow.servlet.handlers.ServletInitialHandler.access$100(ServletInitialHandler.java:81)
	at io.undertow.servlet.handlers.ServletInitialHandler$2.call(ServletInitialHandler.java:138)
	at io.undertow.servlet.handlers.ServletInitialHandler$2.call(ServletInitialHandler.java:135)
	at io.undertow.servlet.core.ServletRequestContextThreadSetupAction$1.call(ServletRequestContextThreadSetupAction.java:48)
	at io.undertow.servlet.core.ContextClassLoaderSetupAction$1.call(ContextClassLoaderSetupAction.java:43)
	at io.undertow.servlet.handlers.ServletInitialHandler.dispatchRequest(ServletInitialHandler.java:272)
	at io.undertow.servlet.handlers.ServletInitialHandler.access$000(ServletInitialHandler.java:81)
	at io.undertow.servlet.handlers.ServletInitialHandler$1.handleRequest(ServletInitialHandler.java:104)
	at io.undertow.server.Connectors.executeRootHandler(Connectors.java:364)
	at io.undertow.server.HttpServerExchange$1.run(HttpServerExchange.java:830)
	at java.util.concurrent.ThreadPoolExecutor.runWorker(Unknown Source)
	at java.util.concurrent.ThreadPoolExecutor$Worker.run(Unknown Source)
	at java.lang.Thread.run(Unknown Source)
Caused by: com.mysql.jdbc.exceptions.jdbc4.MySQLSyntaxErrorException: Unknown column 'undefined' in 'where clause'
	at sun.reflect.NativeConstructorAccessorImpl.newInstance0(Native Method)
	at sun.reflect.NativeConstructorAccessorImpl.newInstance(Unknown Source)
	at sun.reflect.DelegatingConstructorAccessorImpl.newInstance(Unknown Source)
	at java.lang.reflect.Constructor.newInstance(Unknown Source)
	at com.mysql.jdbc.Util.handleNewInstance(Util.java:425)
	at com.mysql.jdbc.Util.getInstance(Util.java:408)
	at com.mysql.jdbc.SQLError.createSQLException(SQLError.java:943)
	at com.mysql.jdbc.MysqlIO.checkErrorPacket(MysqlIO.java:3973)
	at com.mysql.jdbc.MysqlIO.checkErrorPacket(MysqlIO.java:3909)
	at com.mysql.jdbc.MysqlIO.sendCommand(MysqlIO.java:2527)
	at com.mysql.jdbc.MysqlIO.sqlQueryDirect(MysqlIO.java:2680)
	at com.mysql.jdbc.ConnectionImpl.execSQL(ConnectionImpl.java:2487)
	at com.mysql.jdbc.PreparedStatement.executeInternal(PreparedStatement.java:1858)
	at com.mysql.jdbc.PreparedStatement.executeQuery(PreparedStatement.java:1966)
	at com.alibaba.druid.pool.DruidPooledPreparedStatement.executeQuery(DruidPooledPreparedStatement.java:227)
	at com.jfinal.plugin.activerecord.Model.find(Model.java:678)
	at com.jfinal.plugin.activerecord.Model.find(Model.java:688)
	... 45 more
